# JRE version: OpenJDK Runtime Environment (7.0_65-b32) (build 1.7.0_65-b32)
# Java VM: OpenJDK 64-Bit Server VM (24.65-b04 mixed mode linux-amd64 compressed oops)
Heap
 PSYoungGen      total 138240K, used 4096K [0x00000000f5500000, 0x00000000fee00000, 0x0000000100000000)
  eden space 128000K, 0% used [0x00000000f5500000,0x00000000f5500000,0x00000000fd200000)
  from space 10240K, 40% used [0x00000000fda00000,0x00000000fde00000,0x00000000fe400000)
  to   space 4608K, 0% used [0x00000000fe980000,0x00000000fe980000,0x00000000fee00000)
 ParOldGen       total 83456K, used 61713K [0x00000000e0000000, 0x00000000e5180000, 0x00000000f5500000)
  object space 83456K, 73% used [0x00000000e0000000,0x00000000e3c44458,0x00000000e5180000)
 PSPermGen       total 88576K, used 88379K [0x00000000d5a00000, 0x00000000db080000, 0x00000000e0000000)
  object space 88576K, 99% used [0x00000000d5a00000,0x00000000db04ef48,0x00000000db080000)
GC Heap History (10 events):
Event: 41.608 GC heap after
Heap after GC invocations=14 (full 0):
 PSYoungGen      total 156160K, used 4672K [0x00000000f5500000, 0x0000000100000000, 0x0000000100000000)
  eden space 143872K, 0% used [0x00000000f5500000,0x00000000f5500000,0x00000000fe180000)
  from space 12288K, 38% used [0x00000000fed00000,0x00000000ff190000,0x00000000ff900000)
  to   space 11776K, 0% used [0x00000000fe180000,0x00000000fe180000,0x00000000fed00000)
 ParOldGen       total 83456K, used 41321K [0x00000000e0000000, 0x00000000e5180000, 0x00000000f5500000)
  object space 83456K, 49% used [0x00000000e0000000,0x00000000e285a458,0x00000000e5180000)
 PSPermGen       total 53248K, used 53066K [0x00000000d5a00000, 0x00000000d8e00000, 0x00000000e0000000)
  object space 53248K, 99% used [0x00000000d5a00000,0x00000000d8dd2b38,0x00000000d8e00000)
}
Event: 45.985 GC heap before
{Heap before GC invocations=15 (full 0):
 PSYoungGen      total 156160K, used 148544K [0x00000000f5500000, 0x0000000100000000, 0x0000000100000000)
  eden space 143872K, 100% used [0x00000000f5500000,0x00000000fe180000,0x00000000fe180000)
  from space 12288K, 38% used [0x00000000fed00000,0x00000000ff190000,0x00000000ff900000)
  to   space 11776K, 0% used [0x00000000fe180000,0x00000000fe180000,0x00000000fed00000)
 ParOldGen       total 83456K, used 41321K [0x00000000e0000000, 0x00000000e5180000, 0x00000000f5500000)
  object space 83456K, 49% used [0x00000000e0000000,0x00000000e285a458,0x00000000e5180000)
 PSPermGen       total 60928K, used 60458K [0x00000000d5a00000, 0x00000000d9580000, 0x00000000e0000000)
  object space 60928K, 99% used [0x00000000d5a00000,0x00000000d950aad0,0x00000000d9580000)
Event: 46.018 GC heap after
Heap after GC invocations=15 (full 0):
 PSYoungGen      total 155648K, used 4640K [0x00000000f5500000, 0x00000000ffe80000, 0x0000000100000000)
  eden space 143872K, 0% used [0x00000000f5500000,0x00000000f5500000,0x00000000fe180000)
  from space 11776K, 39% used [0x00000000fe180000,0x00000000fe608000,0x00000000fed00000)
  to   space 11264K, 0% used [0x00000000ff380000,0x00000000ff380000,0x00000000ffe80000)
 ParOldGen       total 83456K, used 45521K [0x00000000e0000000, 0x00000000e5180000, 0x00000000f5500000)
  object space 83456K, 54% used [0x00000000e0000000,0x00000000e2c74458,0x00000000e5180000)
 PSPermGen       total 60928K, used 60458K [0x00000000d5a00000, 0x00000000d9580000, 0x00000000e0000000)
  object space 60928K, 99% used [0x00000000d5a00000,0x00000000d950aad0,0x00000000d9580000)
}
Event: 51.237 GC heap before
{Heap before GC invocations=16 (full 0):
 PSYoungGen      total 155648K, used 148512K [0x00000000f5500000, 0x00000000ffe80000, 0x0000000100000000)
  eden space 143872K, 100% used [0x00000000f5500000,0x00000000fe180000,0x00000000fe180000)
  from space 11776K, 39% used [0x00000000fe180000,0x00000000fe608000,0x00000000fed00000)
  to   space 11264K, 0% used [0x00000000ff380000,0x00000000ff380000,0x00000000ffe80000)
 ParOldGen       total 83456K, used 45521K [0x00000000e0000000, 0x00000000e5180000, 0x00000000f5500000)
  object space 83456K, 54% used [0x00000000e0000000,0x00000000e2c74458,0x00000000e5180000)
 PSPermGen       total 68096K, used 67852K [0x00000000d5a00000, 0x00000000d9c80000, 0x00000000e0000000)
  object space 68096K, 99% used [0x00000000d5a00000,0x00000000d9c43368,0x00000000d9c80000)
Event: 51.268 GC heap after
Heap after GC invocations=16 (full 0):
 PSYoungGen      total 143360K, used 4640K [0x00000000f5500000, 0x00000000ff880000, 0x0000000100000000)
  eden space 138240K, 0% used [0x00000000f5500000,0x00000000f5500000,0x00000000fdc00000)
  from space 5120K, 90% used [0x00000000ff380000,0x00000000ff808000,0x00000000ff880000)
  to   space 11264K, 0% used [0x00000000fe280000,0x00000000fe280000,0x00000000fed80000)
 ParOldGen       total 83456K, used 49721K [0x00000000e0000000, 0x00000000e5180000, 0x00000000f5500000)
  object space 83456K, 59% used [0x00000000e0000000,0x00000000e308e458,0x00000000e5180000)
 PSPermGen       total 68096K, used 67852K [0x00000000d5a00000, 0x00000000d9c80000, 0x00000000e0000000)
  object space 68096K, 99% used [0x00000000d5a00000,0x00000000d9c43368,0x00000000d9c80000)
}
Event: 58.560 GC heap before
{Heap before GC invocations=17 (full 0):
 PSYoungGen      total 143360K, used 142880K [0x00000000f5500000, 0x00000000ff880000, 0x0000000100000000)
  eden space 138240K, 100% used [0x00000000f5500000,0x00000000fdc00000,0x00000000fdc00000)
  from space 5120K, 90% used [0x00000000ff380000,0x00000000ff808000,0x00000000ff880000)
  to   space 11264K, 0% used [0x00000000fe280000,0x00000000fe280000,0x00000000fed80000)
 ParOldGen       total 83456K, used 49721K [0x00000000e0000000, 0x00000000e5180000, 0x00000000f5500000)
  object space 83456K, 59% used [0x00000000e0000000,0x00000000e308e458,0x00000000e5180000)
 PSPermGen       total 75264K, used 74957K [0x00000000d5a00000, 0x00000000da380000, 0x00000000e0000000)
  object space 75264K, 99% used [0x00000000d5a00000,0x00000000da333488,0x00000000da380000)
Event: 58.593 GC heap after
Heap after GC invocations=17 (full 0):
 PSYoungGen      total 137728K, used 4384K [0x00000000f5500000, 0x00000000ff400000, 0x0000000100000000)
  eden space 133120K, 0% used [0x00000000f5500000,0x00000000f5500000,0x00000000fd700000)
  from space 4608K, 95% used [0x00000000fe280000,0x00000000fe6c8000,0x00000000fe700000)
  to   space 10752K, 0% used [0x00000000fe980000,0x00000000fe980000,0x00000000ff400000)
 ParOldGen       total 83456K, used 53889K [0x00000000e0000000, 0x00000000e5180000, 0x00000000f5500000)
  object space 83456K, 64% used [0x00000000e0000000,0x00000000e34a0458,0x00000000e5180000)
 PSPermGen       total 75264K, used 74957K [0x00000000d5a00000, 0x00000000da380000, 0x00000000e0000000)
  object space 75264K, 99% used [0x00000000d5a00000,0x00000000da333488,0x00000000da380000)
}
Event: 63.489 GC heap before
{Heap before GC invocations=18 (full 0):
 PSYoungGen      total 137728K, used 137504K [0x00000000f5500000, 0x00000000ff400000, 0x0000000100000000)
  eden space 133120K, 100% used [0x00000000f5500000,0x00000000fd700000,0x00000000fd700000)
  from space 4608K, 95% used [0x00000000fe280000,0x00000000fe6c8000,0x00000000fe700000)
  to   space 10752K, 0% used [0x00000000fe980000,0x00000000fe980000,0x00000000ff400000)
 ParOldGen       total 83456K, used 53889K [0x00000000e0000000, 0x00000000e5180000, 0x00000000f5500000)
  object space 83456K, 64% used [0x00000000e0000000,0x00000000e34a0458,0x00000000e5180000)
 PSPermGen       total 81920K, used 81797K [0x00000000d5a00000, 0x00000000daa00000, 0x00000000e0000000)
  object space 81920K, 99% used [0x00000000d5a00000,0x00000000da9e14c0,0x00000000daa00000)
Event: 63.519 GC heap after
Heap after GC invocations=18 (full 0):
 PSYoungGen      total 132608K, used 4224K [0x00000000f5500000, 0x00000000fee00000, 0x0000000100000000)
  eden space 128000K, 0% used [0x00000000f5500000,0x00000000f5500000,0x00000000fd200000)
  from space 4608K, 91% used [0x00000000fe980000,0x00000000feda0000,0x00000000fee00000)
  to   space 10240K, 0% used [0x00000000fda00000,0x00000000fda00000,0x00000000fe400000)
 ParOldGen       total 83456K, used 57881K [0x00000000e0000000, 0x00000000e5180000, 0x00000000f5500000)
  object space 83456K, 69% used [0x00000000e0000000,0x00000000e3886458,0x00000000e5180000)
 PSPermGen       total 81920K, used 81797K [0x00000000d5a00000, 0x00000000daa00000, 0x00000000e0000000)
  object space 81920K, 99% used [0x00000000d5a00000,0x00000000da9e14c0,0x00000000daa00000)
}
Event: 128.324 GC heap before
{Heap before GC invocations=19 (full 0):
 PSYoungGen      total 132608K, used 132224K [0x00000000f5500000, 0x00000000fee00000, 0x0000000100000000)
  eden space 128000K, 100% used [0x00000000f5500000,0x00000000fd200000,0x00000000fd200000)
  from space 4608K, 91% used [0x00000000fe980000,0x00000000feda0000,0x00000000fee00000)
  to   space 10240K, 0% used [0x00000000fda00000,0x00000000fda00000,0x00000000fe400000)
 ParOldGen       total 83456K, used 57881K [0x00000000e0000000, 0x00000000e5180000, 0x00000000f5500000)
  object space 83456K, 69% used [0x00000000e0000000,0x00000000e3886458,0x00000000e5180000)
 PSPermGen       total 88576K, used 88379K [0x00000000d5a00000, 0x00000000db080000, 0x00000000e0000000)
  object space 88576K, 99% used [0x00000000d5a00000,0x00000000db04ef48,0x00000000db080000)

