# JRE version: OpenJDK Runtime Environment (7.0_65-b32) (build 1.7.0_65-b32)
# Java VM: OpenJDK 64-Bit Server VM (24.65-b04 mixed mode linux-amd64 compressed oops)
Heap
 PSYoungGen      total 138240K, used 0K [0x00000000f5500000, 0x00000000fef00000, 0x0000000100000000)
  eden space 131072K, 0% used [0x00000000f5500000,0x00000000f5500000,0x00000000fd500000)
  from space 7168K, 0% used [0x00000000fe800000,0x00000000fe800000,0x00000000fef00000)
  to   space 13312K, 0% used [0x00000000fd500000,0x00000000fd500000,0x00000000fe200000)
 ParOldGen       total 83456K, used 14810K [0x00000000e0000000, 0x00000000e5180000, 0x00000000f5500000)
  object space 83456K, 17% used [0x00000000e0000000,0x00000000e0e76ac0,0x00000000e5180000)
 PSPermGen       total 102912K, used 12632K [0x00000000d5a00000, 0x00000000dbe80000, 0x00000000e0000000)
  object space 102912K, 12% used [0x00000000d5a00000,0x00000000d6656280,0x00000000dbe80000)
GC Heap History (10 events):
Event: 66.802 GC heap after
Heap after GC invocations=17 (full 0):
 PSYoungGen      total 148992K, used 4320K [0x00000000f5500000, 0x0000000100000000, 0x0000000100000000)
  eden space 136192K, 0% used [0x00000000f5500000,0x00000000f5500000,0x00000000fda00000)
  from space 12800K, 33% used [0x00000000fda00000,0x00000000fde38000,0x00000000fe680000)
  to   space 12288K, 0% used [0x00000000ff400000,0x00000000ff400000,0x0000000100000000)
 ParOldGen       total 83456K, used 60486K [0x00000000e0000000, 0x00000000e5180000, 0x00000000f5500000)
  object space 83456K, 72% used [0x00000000e0000000,0x00000000e3b11a88,0x00000000e5180000)
 PSPermGen       total 88576K, used 88191K [0x00000000d5a00000, 0x00000000db080000, 0x00000000e0000000)
  object space 88576K, 99% used [0x00000000d5a00000,0x00000000db01fcc8,0x00000000db080000)
}
Event: 87.315 GC heap before
{Heap before GC invocations=18 (full 0):
 PSYoungGen      total 148992K, used 140512K [0x00000000f5500000, 0x0000000100000000, 0x0000000100000000)
  eden space 136192K, 100% used [0x00000000f5500000,0x00000000fda00000,0x00000000fda00000)
  from space 12800K, 33% used [0x00000000fda00000,0x00000000fde38000,0x00000000fe680000)
  to   space 12288K, 0% used [0x00000000ff400000,0x00000000ff400000,0x0000000100000000)
 ParOldGen       total 83456K, used 60486K [0x00000000e0000000, 0x00000000e5180000, 0x00000000f5500000)
  object space 83456K, 72% used [0x00000000e0000000,0x00000000e3b11a88,0x00000000e5180000)
 PSPermGen       total 90112K, used 90062K [0x00000000d5a00000, 0x00000000db200000, 0x00000000e0000000)
  object space 90112K, 99% used [0x00000000d5a00000,0x00000000db1f3af8,0x00000000db200000)
Event: 87.357 GC heap after
Heap after GC invocations=18 (full 0):
 PSYoungGen      total 132608K, used 1050K [0x00000000f5500000, 0x00000000ff580000, 0x0000000100000000)
  eden space 131072K, 0% used [0x00000000f5500000,0x00000000f5500000,0x00000000fd500000)
  from space 1536K, 68% used [0x00000000ff400000,0x00000000ff506920,0x00000000ff580000)
  to   space 12800K, 0% used [0x00000000fdc80000,0x00000000fdc80000,0x00000000fe900000)
 ParOldGen       total 83456K, used 64390K [0x00000000e0000000, 0x00000000e5180000, 0x00000000f5500000)
  object space 83456K, 77% used [0x00000000e0000000,0x00000000e3ee1a88,0x00000000e5180000)
 PSPermGen       total 90112K, used 90062K [0x00000000d5a00000, 0x00000000db200000, 0x00000000e0000000)
  object space 90112K, 99% used [0x00000000d5a00000,0x00000000db1f3af8,0x00000000db200000)
}
Event: 87.480 GC heap before
{Heap before GC invocations=19 (full 0):
 PSYoungGen      total 132608K, used 9570K [0x00000000f5500000, 0x00000000ff580000, 0x0000000100000000)
  eden space 131072K, 6% used [0x00000000f5500000,0x00000000f5d521a0,0x00000000fd500000)
  from space 1536K, 68% used [0x00000000ff400000,0x00000000ff506920,0x00000000ff580000)
  to   space 12800K, 0% used [0x00000000fdc80000,0x00000000fdc80000,0x00000000fe900000)
 ParOldGen       total 83456K, used 64390K [0x00000000e0000000, 0x00000000e5180000, 0x00000000f5500000)
  object space 83456K, 77% used [0x00000000e0000000,0x00000000e3ee1a88,0x00000000e5180000)
 PSPermGen       total 90112K, used 90076K [0x00000000d5a00000, 0x00000000db200000, 0x00000000e0000000)
  object space 90112K, 99% used [0x00000000d5a00000,0x00000000db1f7288,0x00000000db200000)
Event: 87.504 GC heap after
Heap after GC invocations=19 (full 0):
 PSYoungGen      total 131584K, used 128K [0x00000000f5500000, 0x00000000ff480000, 0x0000000100000000)
  eden space 131072K, 0% used [0x00000000f5500000,0x00000000f5500000,0x00000000fd500000)
  from space 512K, 25% used [0x00000000fdc80000,0x00000000fdca0000,0x00000000fdd00000)
  to   space 12800K, 0% used [0x00000000fe800000,0x00000000fe800000,0x00000000ff480000)
 ParOldGen       total 83456K, used 64963K [0x00000000e0000000, 0x00000000e5180000, 0x00000000f5500000)
  object space 83456K, 77% used [0x00000000e0000000,0x00000000e3f70e00,0x00000000e5180000)
 PSPermGen       total 90112K, used 90076K [0x00000000d5a00000, 0x00000000db200000, 0x00000000e0000000)
  object space 90112K, 99% used [0x00000000d5a00000,0x00000000db1f7288,0x00000000db200000)
}
Event: 87.505 GC heap before
{Heap before GC invocations=20 (full 1):
 PSYoungGen      total 131584K, used 128K [0x00000000f5500000, 0x00000000ff480000, 0x0000000100000000)
  eden space 131072K, 0% used [0x00000000f5500000,0x00000000f5500000,0x00000000fd500000)
  from space 512K, 25% used [0x00000000fdc80000,0x00000000fdca0000,0x00000000fdd00000)
  to   space 12800K, 0% used [0x00000000fe800000,0x00000000fe800000,0x00000000ff480000)
 ParOldGen       total 83456K, used 64963K [0x00000000e0000000, 0x00000000e5180000, 0x00000000f5500000)
  object space 83456K, 77% used [0x00000000e0000000,0x00000000e3f70e00,0x00000000e5180000)
 PSPermGen       total 90112K, used 90076K [0x00000000d5a00000, 0x00000000db200000, 0x00000000e0000000)
  object space 90112K, 99% used [0x00000000d5a00000,0x00000000db1f7288,0x00000000db200000)
Event: 87.641 GC heap after
Heap after GC invocations=20 (full 1):
 PSYoungGen      total 131584K, used 0K [0x00000000f5500000, 0x00000000ff480000, 0x0000000100000000)
  eden space 131072K, 0% used [0x00000000f5500000,0x00000000f5500000,0x00000000fd500000)
  from space 512K, 0% used [0x00000000fdc80000,0x00000000fdc80000,0x00000000fdd00000)
  to   space 12800K, 0% used [0x00000000fe800000,0x00000000fe800000,0x00000000ff480000)
 ParOldGen       total 83456K, used 14810K [0x00000000e0000000, 0x00000000e5180000, 0x00000000f5500000)
  object space 83456K, 17% used [0x00000000e0000000,0x00000000e0e76ac0,0x00000000e5180000)
 PSPermGen       total 102912K, used 12632K [0x00000000d5a00000, 0x00000000dbe80000, 0x00000000e0000000)
  object space 102912K, 12% used [0x00000000d5a00000,0x00000000d6656280,0x00000000dbe80000)
}
Event: 87.643 GC heap before
{Heap before GC invocations=21 (full 1):
 PSYoungGen      total 131584K, used 0K [0x00000000f5500000, 0x00000000ff480000, 0x0000000100000000)
  eden space 131072K, 0% used [0x00000000f5500000,0x00000000f5500000,0x00000000fd500000)
  from space 512K, 0% used [0x00000000fdc80000,0x00000000fdc80000,0x00000000fdd00000)
  to   space 12800K, 0% used [0x00000000fe800000,0x00000000fe800000,0x00000000ff480000)
 ParOldGen       total 83456K, used 14810K [0x00000000e0000000, 0x00000000e5180000, 0x00000000f5500000)
  object space 83456K, 17% used [0x00000000e0000000,0x00000000e0e76ac0,0x00000000e5180000)
 PSPermGen       total 102912K, used 12632K [0x00000000d5a00000, 0x00000000dbe80000, 0x00000000e0000000)
  object space 102912K, 12% used [0x00000000d5a00000,0x00000000d6656280,0x00000000dbe80000)
Event: 87.647 GC heap after
Heap after GC invocations=21 (full 1):
 PSYoungGen      total 138240K, used 0K [0x00000000f5500000, 0x00000000fef00000, 0x0000000100000000)
  eden space 131072K, 0% used [0x00000000f5500000,0x00000000f5500000,0x00000000fd500000)
  from space 7168K, 0% used [0x00000000fe800000,0x00000000fe800000,0x00000000fef00000)
  to   space 13312K, 0% used [0x00000000fd500000,0x00000000fd500000,0x00000000fe200000)
 ParOldGen       total 83456K, used 14810K [0x00000000e0000000, 0x00000000e5180000, 0x00000000f5500000)
  object space 83456K, 17% used [0x00000000e0000000,0x00000000e0e76ac0,0x00000000e5180000)
 PSPermGen       total 102912K, used 12632K [0x00000000d5a00000, 0x00000000dbe80000, 0x00000000e0000000)
  object space 102912K, 12% used [0x00000000d5a00000,0x00000000d6656280,0x00000000dbe80000)
}
Event: 87.647 GC heap before
{Heap before GC invocations=22 (full 2):
 PSYoungGen      total 138240K, used 0K [0x00000000f5500000, 0x00000000fef00000, 0x0000000100000000)
  eden space 131072K, 0% used [0x00000000f5500000,0x00000000f5500000,0x00000000fd500000)
  from space 7168K, 0% used [0x00000000fe800000,0x00000000fe800000,0x00000000fef00000)
  to   space 13312K, 0% used [0x00000000fd500000,0x00000000fd500000,0x00000000fe200000)
 ParOldGen       total 83456K, used 14810K [0x00000000e0000000, 0x00000000e5180000, 0x00000000f5500000)
  object space 83456K, 17% used [0x00000000e0000000,0x00000000e0e76ac0,0x00000000e5180000)
 PSPermGen       total 102912K, used 12632K [0x00000000d5a00000, 0x00000000dbe80000, 0x00000000e0000000)
  object space 102912K, 12% used [0x00000000d5a00000,0x00000000d6656280,0x00000000dbe80000)

