# JRE version: OpenJDK Runtime Environment (7.0_65-b32) (build 1.7.0_65-b32)
# Java VM: OpenJDK 64-Bit Server VM (24.65-b04 mixed mode linux-amd64 compressed oops)
Heap
 PSYoungGen      total 95232K, used 2656K [0x00000000f5500000, 0x00000000fbf00000, 0x0000000100000000)
  eden space 81920K, 0% used [0x00000000f5500000,0x00000000f5500000,0x00000000fa500000)
  from space 13312K, 19% used [0x00000000fb200000,0x00000000fb498000,0x00000000fbf00000)
  to   space 3072K, 0% used [0x00000000fa800000,0x00000000fa800000,0x00000000fab00000)
 ParOldGen       total 83456K, used 60395K [0x00000000e0000000, 0x00000000e5180000, 0x00000000f5500000)
  object space 83456K, 72% used [0x00000000e0000000,0x00000000e3afad90,0x00000000e5180000)
 PSPermGen       total 83456K, used 83002K [0x00000000d5a00000, 0x00000000dab80000, 0x00000000e0000000)
  object space 83456K, 99% used [0x00000000d5a00000,0x00000000dab0eb10,0x00000000dab80000)
GC Heap History (10 events):
Event: 47.751 GC heap after
Heap after GC invocations=15 (full 0):
 PSYoungGen      total 97792K, used 3136K [0x00000000f5500000, 0x00000000fd000000, 0x0000000100000000)
  eden space 94208K, 0% used [0x00000000f5500000,0x00000000f5500000,0x00000000fb100000)
  from space 3584K, 87% used [0x00000000fb600000,0x00000000fb910000,0x00000000fb980000)
  to   space 14848K, 0% used [0x00000000fc180000,0x00000000fc180000,0x00000000fd000000)
 ParOldGen       total 83456K, used 47219K [0x00000000e0000000, 0x00000000e5180000, 0x00000000f5500000)
  object space 83456K, 56% used [0x00000000e0000000,0x00000000e2e1cd90,0x00000000e5180000)
 PSPermGen       total 60928K, used 60480K [0x00000000d5a00000, 0x00000000d9580000, 0x00000000e0000000)
  object space 60928K, 99% used [0x00000000d5a00000,0x00000000d95100c0,0x00000000d9580000)
}
Event: 51.187 GC heap before
{Heap before GC invocations=16 (full 0):
 PSYoungGen      total 97792K, used 97344K [0x00000000f5500000, 0x00000000fd000000, 0x0000000100000000)
  eden space 94208K, 100% used [0x00000000f5500000,0x00000000fb100000,0x00000000fb100000)
  from space 3584K, 87% used [0x00000000fb600000,0x00000000fb910000,0x00000000fb980000)
  to   space 14848K, 0% used [0x00000000fc180000,0x00000000fc180000,0x00000000fd000000)
 ParOldGen       total 83456K, used 47219K [0x00000000e0000000, 0x00000000e5180000, 0x00000000f5500000)
  object space 83456K, 56% used [0x00000000e0000000,0x00000000e2e1cd90,0x00000000e5180000)
 PSPermGen       total 65536K, used 65317K [0x00000000d5a00000, 0x00000000d9a00000, 0x00000000e0000000)
  object space 65536K, 99% used [0x00000000d5a00000,0x00000000d99c9640,0x00000000d9a00000)
Event: 51.207 GC heap after
Heap after GC invocations=16 (full 0):
 PSYoungGen      total 99840K, used 3040K [0x00000000f5500000, 0x00000000fca00000, 0x0000000100000000)
  eden space 91136K, 0% used [0x00000000f5500000,0x00000000f5500000,0x00000000fae00000)
  from space 8704K, 34% used [0x00000000fc180000,0x00000000fc478000,0x00000000fca00000)
  to   space 14336K, 0% used [0x00000000fae00000,0x00000000fae00000,0x00000000fbc00000)
 ParOldGen       total 83456K, used 50075K [0x00000000e0000000, 0x00000000e5180000, 0x00000000f5500000)
  object space 83456K, 60% used [0x00000000e0000000,0x00000000e30e6d90,0x00000000e5180000)
 PSPermGen       total 65536K, used 65317K [0x00000000d5a00000, 0x00000000d9a00000, 0x00000000e0000000)
  object space 65536K, 99% used [0x00000000d5a00000,0x00000000d99c9640,0x00000000d9a00000)
}
Event: 54.499 GC heap before
{Heap before GC invocations=17 (full 0):
 PSYoungGen      total 99840K, used 94176K [0x00000000f5500000, 0x00000000fca00000, 0x0000000100000000)
  eden space 91136K, 100% used [0x00000000f5500000,0x00000000fae00000,0x00000000fae00000)
  from space 8704K, 34% used [0x00000000fc180000,0x00000000fc478000,0x00000000fca00000)
  to   space 14336K, 0% used [0x00000000fae00000,0x00000000fae00000,0x00000000fbc00000)
 ParOldGen       total 83456K, used 50075K [0x00000000e0000000, 0x00000000e5180000, 0x00000000f5500000)
  object space 83456K, 60% used [0x00000000e0000000,0x00000000e30e6d90,0x00000000e5180000)
 PSPermGen       total 70144K, used 69899K [0x00000000d5a00000, 0x00000000d9e80000, 0x00000000e0000000)
  object space 70144K, 99% used [0x00000000d5a00000,0x00000000d9e42e18,0x00000000d9e80000)
Event: 54.519 GC heap after
Heap after GC invocations=17 (full 0):
 PSYoungGen      total 91136K, used 2912K [0x00000000f5500000, 0x00000000fc700000, 0x0000000100000000)
  eden space 88064K, 0% used [0x00000000f5500000,0x00000000f5500000,0x00000000fab00000)
  from space 3072K, 94% used [0x00000000fae00000,0x00000000fb0d8000,0x00000000fb100000)
  to   space 14336K, 0% used [0x00000000fb900000,0x00000000fb900000,0x00000000fc700000)
 ParOldGen       total 83456K, used 52811K [0x00000000e0000000, 0x00000000e5180000, 0x00000000f5500000)
  object space 83456K, 63% used [0x00000000e0000000,0x00000000e3392d90,0x00000000e5180000)
 PSPermGen       total 70144K, used 69899K [0x00000000d5a00000, 0x00000000d9e80000, 0x00000000e0000000)
  object space 70144K, 99% used [0x00000000d5a00000,0x00000000d9e42e18,0x00000000d9e80000)
}
Event: 60.001 GC heap before
{Heap before GC invocations=18 (full 0):
 PSYoungGen      total 91136K, used 90976K [0x00000000f5500000, 0x00000000fc700000, 0x0000000100000000)
  eden space 88064K, 100% used [0x00000000f5500000,0x00000000fab00000,0x00000000fab00000)
  from space 3072K, 94% used [0x00000000fae00000,0x00000000fb0d8000,0x00000000fb100000)
  to   space 14336K, 0% used [0x00000000fb900000,0x00000000fb900000,0x00000000fc700000)
 ParOldGen       total 83456K, used 52811K [0x00000000e0000000, 0x00000000e5180000, 0x00000000f5500000)
  object space 83456K, 63% used [0x00000000e0000000,0x00000000e3392d90,0x00000000e5180000)
 PSPermGen       total 74752K, used 74423K [0x00000000d5a00000, 0x00000000da300000, 0x00000000e0000000)
  object space 74752K, 99% used [0x00000000d5a00000,0x00000000da2adfa8,0x00000000da300000)
Event: 60.027 GC heap after
Heap after GC invocations=18 (full 0):
 PSYoungGen      total 95232K, used 2848K [0x00000000f5500000, 0x00000000fc300000, 0x0000000100000000)
  eden space 84992K, 0% used [0x00000000f5500000,0x00000000f5500000,0x00000000fa800000)
  from space 10240K, 27% used [0x00000000fb900000,0x00000000fbbc8000,0x00000000fc300000)
  to   space 13824K, 0% used [0x00000000fa800000,0x00000000fa800000,0x00000000fb580000)
 ParOldGen       total 83456K, used 55403K [0x00000000e0000000, 0x00000000e5180000, 0x00000000f5500000)
  object space 83456K, 66% used [0x00000000e0000000,0x00000000e361ad90,0x00000000e5180000)
 PSPermGen       total 74752K, used 74423K [0x00000000d5a00000, 0x00000000da300000, 0x00000000e0000000)
  object space 74752K, 99% used [0x00000000d5a00000,0x00000000da2adfa8,0x00000000da300000)
}
Event: 62.811 GC heap before
{Heap before GC invocations=19 (full 0):
 PSYoungGen      total 95232K, used 87840K [0x00000000f5500000, 0x00000000fc300000, 0x0000000100000000)
  eden space 84992K, 100% used [0x00000000f5500000,0x00000000fa800000,0x00000000fa800000)
  from space 10240K, 27% used [0x00000000fb900000,0x00000000fbbc8000,0x00000000fc300000)
  to   space 13824K, 0% used [0x00000000fa800000,0x00000000fa800000,0x00000000fb580000)
 ParOldGen       total 83456K, used 55403K [0x00000000e0000000, 0x00000000e5180000, 0x00000000f5500000)
  object space 83456K, 66% used [0x00000000e0000000,0x00000000e361ad90,0x00000000e5180000)
 PSPermGen       total 78848K, used 78803K [0x00000000d5a00000, 0x00000000da700000, 0x00000000e0000000)
  object space 78848K, 99% used [0x00000000d5a00000,0x00000000da6f4f08,0x00000000da700000)
Event: 62.840 GC heap after
Heap after GC invocations=19 (full 0):
 PSYoungGen      total 84992K, used 2752K [0x00000000f5500000, 0x00000000fbf00000, 0x0000000100000000)
  eden space 81920K, 0% used [0x00000000f5500000,0x00000000f5500000,0x00000000fa500000)
  from space 3072K, 89% used [0x00000000fa800000,0x00000000faab0000,0x00000000fab00000)
  to   space 13312K, 0% used [0x00000000fb200000,0x00000000fb200000,0x00000000fbf00000)
 ParOldGen       total 83456K, used 57947K [0x00000000e0000000, 0x00000000e5180000, 0x00000000f5500000)
  object space 83456K, 69% used [0x00000000e0000000,0x00000000e3896d90,0x00000000e5180000)
 PSPermGen       total 78848K, used 78803K [0x00000000d5a00000, 0x00000000da700000, 0x00000000e0000000)
  object space 78848K, 99% used [0x00000000d5a00000,0x00000000da6f4f08,0x00000000da700000)
}
Event: 73.381 GC heap before
{Heap before GC invocations=20 (full 0):
 PSYoungGen      total 84992K, used 84672K [0x00000000f5500000, 0x00000000fbf00000, 0x0000000100000000)
  eden space 81920K, 100% used [0x00000000f5500000,0x00000000fa500000,0x00000000fa500000)
  from space 3072K, 89% used [0x00000000fa800000,0x00000000faab0000,0x00000000fab00000)
  to   space 13312K, 0% used [0x00000000fb200000,0x00000000fb200000,0x00000000fbf00000)
 ParOldGen       total 83456K, used 57947K [0x00000000e0000000, 0x00000000e5180000, 0x00000000f5500000)
  object space 83456K, 69% used [0x00000000e0000000,0x00000000e3896d90,0x00000000e5180000)
 PSPermGen       total 83456K, used 83002K [0x00000000d5a00000, 0x00000000dab80000, 0x00000000e0000000)
  object space 83456K, 99% used [0x00000000d5a00000,0x00000000dab0eb10,0x00000000dab80000)

