# JRE version: OpenJDK Runtime Environment (7.0_65-b32) (build 1.7.0_65-b32)
# Java VM: OpenJDK 64-Bit Server VM (24.65-b04 mixed mode linux-amd64 compressed oops)
Heap
 PSYoungGen      total 124928K, used 108478K [0x00000000f5500000, 0x00000000fe800000, 0x0000000100000000)
  eden space 120832K, 86% used [0x00000000f5500000,0x00000000fbb07ab8,0x00000000fcb00000)
  from space 4096K, 97% used [0x00000000fd600000,0x00000000fd9e8000,0x00000000fda00000)
  to   space 11264K, 0% used [0x00000000fdd00000,0x00000000fdd00000,0x00000000fe800000)
 ParOldGen       total 83456K, used 53934K [0x00000000e0000000, 0x00000000e5180000, 0x00000000f5500000)
  object space 83456K, 64% used [0x00000000e0000000,0x00000000e34aba90,0x00000000e5180000)
 PSPermGen       total 78848K, used 78846K [0x00000000d5a00000, 0x00000000da700000, 0x00000000e0000000)
  object space 78848K, 99% used [0x00000000d5a00000,0x00000000da6ff8c0,0x00000000da700000)
GC Heap History (10 events):
Event: 39.222 GC heap before
{Heap before GC invocations=13 (full 0):
 PSYoungGen      total 154624K, used 145984K [0x00000000f5500000, 0x0000000100000000, 0x0000000100000000)
  eden space 141312K, 100% used [0x00000000f5500000,0x00000000fdf00000,0x00000000fdf00000)
  from space 13312K, 35% used [0x00000000feb80000,0x00000000ff010000,0x00000000ff880000)
  to   space 12800K, 0% used [0x00000000fdf00000,0x00000000fdf00000,0x00000000feb80000)
 ParOldGen       total 83456K, used 33614K [0x00000000e0000000, 0x00000000e5180000, 0x00000000f5500000)
  object space 83456K, 40% used [0x00000000e0000000,0x00000000e20d3a90,0x00000000e5180000)
 PSPermGen       total 46592K, used 46119K [0x00000000d5a00000, 0x00000000d8780000, 0x00000000e0000000)
  object space 46592K, 98% used [0x00000000d5a00000,0x00000000d8709e98,0x00000000d8780000)
Event: 39.263 GC heap after
Heap after GC invocations=13 (full 0):
 PSYoungGen      total 154112K, used 4576K [0x00000000f5500000, 0x00000000ffe80000, 0x0000000100000000)
  eden space 141312K, 0% used [0x00000000f5500000,0x00000000f5500000,0x00000000fdf00000)
  from space 12800K, 35% used [0x00000000fdf00000,0x00000000fe378000,0x00000000feb80000)
  to   space 12288K, 0% used [0x00000000ff280000,0x00000000ff280000,0x00000000ffe80000)
 ParOldGen       total 83456K, used 37862K [0x00000000e0000000, 0x00000000e5180000, 0x00000000f5500000)
  object space 83456K, 45% used [0x00000000e0000000,0x00000000e24f9a90,0x00000000e5180000)
 PSPermGen       total 46592K, used 46119K [0x00000000d5a00000, 0x00000000d8780000, 0x00000000e0000000)
  object space 46592K, 98% used [0x00000000d5a00000,0x00000000d8709e98,0x00000000d8780000)
}
Event: 43.735 GC heap before
{Heap before GC invocations=14 (full 0):
 PSYoungGen      total 154112K, used 145888K [0x00000000f5500000, 0x00000000ffe80000, 0x0000000100000000)
  eden space 141312K, 100% used [0x00000000f5500000,0x00000000fdf00000,0x00000000fdf00000)
  from space 12800K, 35% used [0x00000000fdf00000,0x00000000fe378000,0x00000000feb80000)
  to   space 12288K, 0% used [0x00000000ff280000,0x00000000ff280000,0x00000000ffe80000)
 ParOldGen       total 83456K, used 37862K [0x00000000e0000000, 0x00000000e5180000, 0x00000000f5500000)
  object space 83456K, 45% used [0x00000000e0000000,0x00000000e24f9a90,0x00000000e5180000)
 PSPermGen       total 53760K, used 53413K [0x00000000d5a00000, 0x00000000d8e80000, 0x00000000e0000000)
  object space 53760K, 99% used [0x00000000d5a00000,0x00000000d8e29420,0x00000000d8e80000)
Event: 43.764 GC heap after
Heap after GC invocations=14 (full 0):
 PSYoungGen      total 140288K, used 4544K [0x00000000f5500000, 0x00000000ff700000, 0x0000000100000000)
  eden space 135680K, 0% used [0x00000000f5500000,0x00000000f5500000,0x00000000fd980000)
  from space 4608K, 98% used [0x00000000ff280000,0x00000000ff6f0000,0x00000000ff700000)
  to   space 11776K, 0% used [0x00000000fe000000,0x00000000fe000000,0x00000000feb80000)
 ParOldGen       total 83456K, used 42046K [0x00000000e0000000, 0x00000000e5180000, 0x00000000f5500000)
  object space 83456K, 50% used [0x00000000e0000000,0x00000000e290fa90,0x00000000e5180000)
 PSPermGen       total 53760K, used 53413K [0x00000000d5a00000, 0x00000000d8e80000, 0x00000000e0000000)
  object space 53760K, 99% used [0x00000000d5a00000,0x00000000d8e29420,0x00000000d8e80000)
}
Event: 48.202 GC heap before
{Heap before GC invocations=15 (full 0):
 PSYoungGen      total 140288K, used 140224K [0x00000000f5500000, 0x00000000ff700000, 0x0000000100000000)
  eden space 135680K, 100% used [0x00000000f5500000,0x00000000fd980000,0x00000000fd980000)
  from space 4608K, 98% used [0x00000000ff280000,0x00000000ff6f0000,0x00000000ff700000)
  to   space 11776K, 0% used [0x00000000fe000000,0x00000000fe000000,0x00000000feb80000)
 ParOldGen       total 83456K, used 42046K [0x00000000e0000000, 0x00000000e5180000, 0x00000000f5500000)
  object space 83456K, 50% used [0x00000000e0000000,0x00000000e290fa90,0x00000000e5180000)
 PSPermGen       total 60416K, used 60400K [0x00000000d5a00000, 0x00000000d9500000, 0x00000000e0000000)
  object space 60416K, 99% used [0x00000000d5a00000,0x00000000d94fc318,0x00000000d9500000)
Event: 48.236 GC heap after
Heap after GC invocations=15 (full 0):
 PSYoungGen      total 135168K, used 4384K [0x00000000f5500000, 0x00000000ff300000, 0x0000000100000000)
  eden space 130560K, 0% used [0x00000000f5500000,0x00000000f5500000,0x00000000fd480000)
  from space 4608K, 95% used [0x00000000fe000000,0x00000000fe448000,0x00000000fe480000)
  to   space 11776K, 0% used [0x00000000fe780000,0x00000000fe780000,0x00000000ff300000)
 ParOldGen       total 83456K, used 46182K [0x00000000e0000000, 0x00000000e5180000, 0x00000000f5500000)
  object space 83456K, 55% used [0x00000000e0000000,0x00000000e2d19a90,0x00000000e5180000)
 PSPermGen       total 60416K, used 60400K [0x00000000d5a00000, 0x00000000d9500000, 0x00000000e0000000)
  object space 60416K, 99% used [0x00000000d5a00000,0x00000000d94fc318,0x00000000d9500000)
}
Event: 52.990 GC heap before
{Heap before GC invocations=16 (full 0):
 PSYoungGen      total 135168K, used 134944K [0x00000000f5500000, 0x00000000ff300000, 0x0000000100000000)
  eden space 130560K, 100% used [0x00000000f5500000,0x00000000fd480000,0x00000000fd480000)
  from space 4608K, 95% used [0x00000000fe000000,0x00000000fe448000,0x00000000fe480000)
  to   space 11776K, 0% used [0x00000000fe780000,0x00000000fe780000,0x00000000ff300000)
 ParOldGen       total 83456K, used 46182K [0x00000000e0000000, 0x00000000e5180000, 0x00000000f5500000)
  object space 83456K, 55% used [0x00000000e0000000,0x00000000e2d19a90,0x00000000e5180000)
 PSPermGen       total 67584K, used 67112K [0x00000000d5a00000, 0x00000000d9c00000, 0x00000000e0000000)
  object space 67584K, 99% used [0x00000000d5a00000,0x00000000d9b8a240,0x00000000d9c00000)
Event: 53.028 GC heap after
Heap after GC invocations=16 (full 0):
 PSYoungGen      total 130048K, used 4192K [0x00000000f5500000, 0x00000000fec00000, 0x0000000100000000)
  eden space 125440K, 0% used [0x00000000f5500000,0x00000000f5500000,0x00000000fcf80000)
  from space 4608K, 90% used [0x00000000fe780000,0x00000000feb98000,0x00000000fec00000)
  to   space 11264K, 0% used [0x00000000fd600000,0x00000000fd600000,0x00000000fe100000)
 ParOldGen       total 83456K, used 50142K [0x00000000e0000000, 0x00000000e5180000, 0x00000000f5500000)
  object space 83456K, 60% used [0x00000000e0000000,0x00000000e30f7a90,0x00000000e5180000)
 PSPermGen       total 67584K, used 67112K [0x00000000d5a00000, 0x00000000d9c00000, 0x00000000e0000000)
  object space 67584K, 99% used [0x00000000d5a00000,0x00000000d9b8a240,0x00000000d9c00000)
}
Event: 61.086 GC heap before
{Heap before GC invocations=17 (full 0):
 PSYoungGen      total 130048K, used 129632K [0x00000000f5500000, 0x00000000fec00000, 0x0000000100000000)
  eden space 125440K, 100% used [0x00000000f5500000,0x00000000fcf80000,0x00000000fcf80000)
  from space 4608K, 90% used [0x00000000fe780000,0x00000000feb98000,0x00000000fec00000)
  to   space 11264K, 0% used [0x00000000fd600000,0x00000000fd600000,0x00000000fe100000)
 ParOldGen       total 83456K, used 50142K [0x00000000e0000000, 0x00000000e5180000, 0x00000000f5500000)
  object space 83456K, 60% used [0x00000000e0000000,0x00000000e30f7a90,0x00000000e5180000)
 PSPermGen       total 73728K, used 73546K [0x00000000d5a00000, 0x00000000da200000, 0x00000000e0000000)
  object space 73728K, 99% used [0x00000000d5a00000,0x00000000da1d2a28,0x00000000da200000)
Event: 61.131 GC heap after
Heap after GC invocations=17 (full 0):
 PSYoungGen      total 124928K, used 4000K [0x00000000f5500000, 0x00000000fe800000, 0x0000000100000000)
  eden space 120832K, 0% used [0x00000000f5500000,0x00000000f5500000,0x00000000fcb00000)
  from space 4096K, 97% used [0x00000000fd600000,0x00000000fd9e8000,0x00000000fda00000)
  to   space 11264K, 0% used [0x00000000fdd00000,0x00000000fdd00000,0x00000000fe800000)
 ParOldGen       total 83456K, used 53934K [0x00000000e0000000, 0x00000000e5180000, 0x00000000f5500000)
  object space 83456K, 64% used [0x00000000e0000000,0x00000000e34aba90,0x00000000e5180000)
 PSPermGen       total 73728K, used 73546K [0x00000000d5a00000, 0x00000000da200000, 0x00000000e0000000)
  object space 73728K, 99% used [0x00000000d5a00000,0x00000000da1d2a28,0x00000000da200000)
}

