# JRE version: OpenJDK Runtime Environment (7.0_65-b32) (build 1.7.0_65-b32)
# Java VM: OpenJDK 64-Bit Server VM (24.65-b04 mixed mode linux-amd64 compressed oops)
Heap
 PSYoungGen      total 129024K, used 44399K [0x00000000f5500000, 0x00000000ff680000, 0x0000000100000000)
  eden space 117760K, 28% used [0x00000000f5500000,0x00000000f755be80,0x00000000fc800000)
  from space 11264K, 100% used [0x00000000fea00000,0x00000000ff500000,0x00000000ff500000)
  to   space 1536K, 0% used [0x00000000ff500000,0x00000000ff500000,0x00000000ff680000)
 ParOldGen       total 83456K, used 16005K [0x00000000e0000000, 0x00000000e5180000, 0x00000000f5500000)
  object space 83456K, 19% used [0x00000000e0000000,0x00000000e0fa1610,0x00000000e5180000)
 PSPermGen       total 31232K, used 31231K [0x00000000d5a00000, 0x00000000d7880000, 0x00000000e0000000)
  object space 31232K, 99% used [0x00000000d5a00000,0x00000000d787fed8,0x00000000d7880000)
GC Heap History (10 events):
Event: 16.714 GC heap before
{Heap before GC invocations=5 (full 0):
 PSYoungGen      total 68608K, used 68600K [0x00000000f5500000, 0x00000000f9d00000, 0x0000000100000000)
  eden space 63488K, 100% used [0x00000000f5500000,0x00000000f9300000,0x00000000f9300000)
  from space 5120K, 99% used [0x00000000f9800000,0x00000000f9cfe1c8,0x00000000f9d00000)
  to   space 5120K, 0% used [0x00000000f9300000,0x00000000f9300000,0x00000000f9800000)
 ParOldGen       total 83456K, used 7935K [0x00000000e0000000, 0x00000000e5180000, 0x00000000f5500000)
  object space 83456K, 9% used [0x00000000e0000000,0x00000000e07bff20,0x00000000e5180000)
 PSPermGen       total 21504K, used 11433K [0x00000000d5a00000, 0x00000000d6f00000, 0x00000000e0000000)
  object space 21504K, 53% used [0x00000000d5a00000,0x00000000d652a508,0x00000000d6f00000)
Event: 16.749 GC heap after
Heap after GC invocations=5 (full 0):
 PSYoungGen      total 68608K, used 5104K [0x00000000f5500000, 0x00000000fe600000, 0x0000000100000000)
  eden space 63488K, 0% used [0x00000000f5500000,0x00000000f5500000,0x00000000f9300000)
  from space 5120K, 99% used [0x00000000f9300000,0x00000000f97fc030,0x00000000f9800000)
  to   space 10752K, 0% used [0x00000000fdb80000,0x00000000fdb80000,0x00000000fe600000)
 ParOldGen       total 83456K, used 8701K [0x00000000e0000000, 0x00000000e5180000, 0x00000000f5500000)
  object space 83456K, 10% used [0x00000000e0000000,0x00000000e087f560,0x00000000e5180000)
 PSPermGen       total 21504K, used 11433K [0x00000000d5a00000, 0x00000000d6f00000, 0x00000000e0000000)
  object space 21504K, 53% used [0x00000000d5a00000,0x00000000d652a508,0x00000000d6f00000)
}
Event: 23.167 GC heap before
{Heap before GC invocations=6 (full 0):
 PSYoungGen      total 68608K, used 68592K [0x00000000f5500000, 0x00000000fe600000, 0x0000000100000000)
  eden space 63488K, 100% used [0x00000000f5500000,0x00000000f9300000,0x00000000f9300000)
  from space 5120K, 99% used [0x00000000f9300000,0x00000000f97fc030,0x00000000f9800000)
  to   space 10752K, 0% used [0x00000000fdb80000,0x00000000fdb80000,0x00000000fe600000)
 ParOldGen       total 83456K, used 8701K [0x00000000e0000000, 0x00000000e5180000, 0x00000000f5500000)
  object space 83456K, 10% used [0x00000000e0000000,0x00000000e087f560,0x00000000e5180000)
 PSPermGen       total 21504K, used 14098K [0x00000000d5a00000, 0x00000000d6f00000, 0x00000000e0000000)
  object space 21504K, 65% used [0x00000000d5a00000,0x00000000d67c4848,0x00000000d6f00000)
Event: 23.191 GC heap after
Heap after GC invocations=6 (full 0):
 PSYoungGen      total 136704K, used 7280K [0x00000000f5500000, 0x00000000fe500000, 0x0000000100000000)
  eden space 126976K, 0% used [0x00000000f5500000,0x00000000f5500000,0x00000000fd100000)
  from space 9728K, 74% used [0x00000000fdb80000,0x00000000fe29c010,0x00000000fe500000)
  to   space 10240K, 0% used [0x00000000fd100000,0x00000000fd100000,0x00000000fdb00000)
 ParOldGen       total 83456K, used 8701K [0x00000000e0000000, 0x00000000e5180000, 0x00000000f5500000)
  object space 83456K, 10% used [0x00000000e0000000,0x00000000e087f560,0x00000000e5180000)
 PSPermGen       total 21504K, used 14098K [0x00000000d5a00000, 0x00000000d6f00000, 0x00000000e0000000)
  object space 21504K, 65% used [0x00000000d5a00000,0x00000000d67c4848,0x00000000d6f00000)
}
Event: 29.871 GC heap before
{Heap before GC invocations=7 (full 0):
 PSYoungGen      total 136704K, used 134256K [0x00000000f5500000, 0x00000000fe500000, 0x0000000100000000)
  eden space 126976K, 100% used [0x00000000f5500000,0x00000000fd100000,0x00000000fd100000)
  from space 9728K, 74% used [0x00000000fdb80000,0x00000000fe29c010,0x00000000fe500000)
  to   space 10240K, 0% used [0x00000000fd100000,0x00000000fd100000,0x00000000fdb00000)
 ParOldGen       total 83456K, used 8701K [0x00000000e0000000, 0x00000000e5180000, 0x00000000f5500000)
  object space 83456K, 10% used [0x00000000e0000000,0x00000000e087f560,0x00000000e5180000)
 PSPermGen       total 21504K, used 19442K [0x00000000d5a00000, 0x00000000d6f00000, 0x00000000e0000000)
  object space 21504K, 90% used [0x00000000d5a00000,0x00000000d6cfcb00,0x00000000d6f00000)
Event: 29.921 GC heap after
Heap after GC invocations=7 (full 0):
 PSYoungGen      total 137216K, used 7264K [0x00000000f5500000, 0x0000000100000000, 0x0000000100000000)
  eden space 126976K, 0% used [0x00000000f5500000,0x00000000f5500000,0x00000000fd100000)
  from space 10240K, 70% used [0x00000000fd100000,0x00000000fd818000,0x00000000fdb00000)
  to   space 10240K, 0% used [0x00000000ff600000,0x00000000ff600000,0x0000000100000000)
 ParOldGen       total 83456K, used 12661K [0x00000000e0000000, 0x00000000e5180000, 0x00000000f5500000)
  object space 83456K, 15% used [0x00000000e0000000,0x00000000e0c5d610,0x00000000e5180000)
 PSPermGen       total 21504K, used 19442K [0x00000000d5a00000, 0x00000000d6f00000, 0x00000000e0000000)
  object space 21504K, 90% used [0x00000000d5a00000,0x00000000d6cfcb00,0x00000000d6f00000)
}
Event: 36.048 GC heap before
{Heap before GC invocations=8 (full 0):
 PSYoungGen      total 137216K, used 134240K [0x00000000f5500000, 0x0000000100000000, 0x0000000100000000)
  eden space 126976K, 100% used [0x00000000f5500000,0x00000000fd100000,0x00000000fd100000)
  from space 10240K, 70% used [0x00000000fd100000,0x00000000fd818000,0x00000000fdb00000)
  to   space 10240K, 0% used [0x00000000ff600000,0x00000000ff600000,0x0000000100000000)
 ParOldGen       total 83456K, used 12661K [0x00000000e0000000, 0x00000000e5180000, 0x00000000f5500000)
  object space 83456K, 15% used [0x00000000e0000000,0x00000000e0c5d610,0x00000000e5180000)
 PSPermGen       total 25088K, used 24761K [0x00000000d5a00000, 0x00000000d7280000, 0x00000000e0000000)
  object space 25088K, 98% used [0x00000000d5a00000,0x00000000d722e6a8,0x00000000d7280000)
Event: 36.062 GC heap after
Heap after GC invocations=8 (full 0):
 PSYoungGen      total 132608K, used 10240K [0x00000000f5500000, 0x0000000100000000, 0x0000000100000000)
  eden space 122368K, 0% used [0x00000000f5500000,0x00000000f5500000,0x00000000fcc80000)
  from space 10240K, 100% used [0x00000000ff600000,0x0000000100000000,0x0000000100000000)
  to   space 11264K, 0% used [0x00000000fea00000,0x00000000fea00000,0x00000000ff500000)
 ParOldGen       total 83456K, used 13389K [0x00000000e0000000, 0x00000000e5180000, 0x00000000f5500000)
  object space 83456K, 16% used [0x00000000e0000000,0x00000000e0d13610,0x00000000e5180000)
 PSPermGen       total 25088K, used 24761K [0x00000000d5a00000, 0x00000000d7280000, 0x00000000e0000000)
  object space 25088K, 98% used [0x00000000d5a00000,0x00000000d722e6a8,0x00000000d7280000)
}
Event: 493.301 GC heap before
{Heap before GC invocations=9 (full 0):
 PSYoungGen      total 132608K, used 132608K [0x00000000f5500000, 0x0000000100000000, 0x0000000100000000)
  eden space 122368K, 100% used [0x00000000f5500000,0x00000000fcc80000,0x00000000fcc80000)
  from space 10240K, 100% used [0x00000000ff600000,0x0000000100000000,0x0000000100000000)
  to   space 11264K, 0% used [0x00000000fea00000,0x00000000fea00000,0x00000000ff500000)
 ParOldGen       total 83456K, used 13389K [0x00000000e0000000, 0x00000000e5180000, 0x00000000f5500000)
  object space 83456K, 16% used [0x00000000e0000000,0x00000000e0d13610,0x00000000e5180000)
 PSPermGen       total 30208K, used 29929K [0x00000000d5a00000, 0x00000000d7780000, 0x00000000e0000000)
  object space 30208K, 99% used [0x00000000d5a00000,0x00000000d773a4d8,0x00000000d7780000)
Event: 493.352 GC heap after
Heap after GC invocations=9 (full 0):
 PSYoungGen      total 129024K, used 11264K [0x00000000f5500000, 0x00000000ff680000, 0x0000000100000000)
  eden space 117760K, 0% used [0x00000000f5500000,0x00000000f5500000,0x00000000fc800000)
  from space 11264K, 100% used [0x00000000fea00000,0x00000000ff500000,0x00000000ff500000)
  to   space 1536K, 0% used [0x00000000ff500000,0x00000000ff500000,0x00000000ff680000)
 ParOldGen       total 83456K, used 16005K [0x00000000e0000000, 0x00000000e5180000, 0x00000000f5500000)
  object space 83456K, 19% used [0x00000000e0000000,0x00000000e0fa1610,0x00000000e5180000)
 PSPermGen       total 30208K, used 29929K [0x00000000d5a00000, 0x00000000d7780000, 0x00000000e0000000)
  object space 30208K, 99% used [0x00000000d5a00000,0x00000000d773a4d8,0x00000000d7780000)
}

