# JRE version: OpenJDK Runtime Environment (7.0_65-b32) (build 1.7.0_65-b32)
# Java VM: OpenJDK 64-Bit Server VM (24.65-b04 mixed mode linux-amd64 compressed oops)
Heap
 PSYoungGen      total 116736K, used 71646K [0x00000000f5500000, 0x00000000fe300000, 0x0000000100000000)
  eden space 112640K, 60% used [0x00000000f5500000,0x00000000f9757ba8,0x00000000fc300000)
  from space 4096K, 90% used [0x00000000fdf00000,0x00000000fe2a0000,0x00000000fe300000)
  to   space 10752K, 0% used [0x00000000fce00000,0x00000000fce00000,0x00000000fd880000)
 ParOldGen       total 83456K, used 56474K [0x00000000e0000000, 0x00000000e5180000, 0x00000000f5500000)
  object space 83456K, 67% used [0x00000000e0000000,0x00000000e3726858,0x00000000e5180000)
 PSPermGen       total 81920K, used 81919K [0x00000000d5a00000, 0x00000000daa00000, 0x00000000e0000000)
  object space 81920K, 99% used [0x00000000d5a00000,0x00000000da9ffd20,0x00000000daa00000)
GC Heap History (10 events):
Event: 42.286 GC heap before
{Heap before GC invocations=14 (full 0):
 PSYoungGen      total 148480K, used 140640K [0x00000000f5500000, 0x0000000100000000, 0x0000000100000000)
  eden space 136192K, 100% used [0x00000000f5500000,0x00000000fda00000,0x00000000fda00000)
  from space 12288K, 36% used [0x00000000fda00000,0x00000000fde58000,0x00000000fe600000)
  to   space 12288K, 0% used [0x00000000ff400000,0x00000000ff400000,0x0000000100000000)
 ParOldGen       total 83456K, used 37458K [0x00000000e0000000, 0x00000000e5180000, 0x00000000f5500000)
  object space 83456K, 44% used [0x00000000e0000000,0x00000000e2494858,0x00000000e5180000)
 PSPermGen       total 53248K, used 53065K [0x00000000d5a00000, 0x00000000d8e00000, 0x00000000e0000000)
  object space 53248K, 99% used [0x00000000d5a00000,0x00000000d8dd27e0,0x00000000d8e00000)
Event: 42.315 GC heap after
Heap after GC invocations=14 (full 0):
 PSYoungGen      total 135680K, used 4384K [0x00000000f5500000, 0x00000000ff880000, 0x0000000100000000)
  eden space 131072K, 0% used [0x00000000f5500000,0x00000000f5500000,0x00000000fd500000)
  from space 4608K, 95% used [0x00000000ff400000,0x00000000ff848000,0x00000000ff880000)
  to   space 11776K, 0% used [0x00000000fe180000,0x00000000fe180000,0x00000000fed00000)
 ParOldGen       total 83456K, used 41490K [0x00000000e0000000, 0x00000000e5180000, 0x00000000f5500000)
  object space 83456K, 49% used [0x00000000e0000000,0x00000000e2884858,0x00000000e5180000)
 PSPermGen       total 53248K, used 53065K [0x00000000d5a00000, 0x00000000d8e00000, 0x00000000e0000000)
  object space 53248K, 99% used [0x00000000d5a00000,0x00000000d8dd27e0,0x00000000d8e00000)
}
Event: 46.669 GC heap before
{Heap before GC invocations=15 (full 0):
 PSYoungGen      total 135680K, used 135456K [0x00000000f5500000, 0x00000000ff880000, 0x0000000100000000)
  eden space 131072K, 100% used [0x00000000f5500000,0x00000000fd500000,0x00000000fd500000)
  from space 4608K, 95% used [0x00000000ff400000,0x00000000ff848000,0x00000000ff880000)
  to   space 11776K, 0% used [0x00000000fe180000,0x00000000fe180000,0x00000000fed00000)
 ParOldGen       total 83456K, used 41490K [0x00000000e0000000, 0x00000000e5180000, 0x00000000f5500000)
  object space 83456K, 49% used [0x00000000e0000000,0x00000000e2884858,0x00000000e5180000)
 PSPermGen       total 59904K, used 59809K [0x00000000d5a00000, 0x00000000d9480000, 0x00000000e0000000)
  object space 59904K, 99% used [0x00000000d5a00000,0x00000000d9468790,0x00000000d9480000)
Event: 46.686 GC heap after
Heap after GC invocations=15 (full 0):
 PSYoungGen      total 130560K, used 4192K [0x00000000f5500000, 0x00000000ff480000, 0x0000000100000000)
  eden space 125952K, 0% used [0x00000000f5500000,0x00000000f5500000,0x00000000fd000000)
  from space 4608K, 90% used [0x00000000fe180000,0x00000000fe598000,0x00000000fe600000)
  to   space 11776K, 0% used [0x00000000fe900000,0x00000000fe900000,0x00000000ff480000)
 ParOldGen       total 83456K, used 45490K [0x00000000e0000000, 0x00000000e5180000, 0x00000000f5500000)
  object space 83456K, 54% used [0x00000000e0000000,0x00000000e2c6c858,0x00000000e5180000)
 PSPermGen       total 59904K, used 59809K [0x00000000d5a00000, 0x00000000d9480000, 0x00000000e0000000)
  object space 59904K, 99% used [0x00000000d5a00000,0x00000000d9468790,0x00000000d9480000)
}
Event: 51.093 GC heap before
{Heap before GC invocations=16 (full 0):
 PSYoungGen      total 130560K, used 130144K [0x00000000f5500000, 0x00000000ff480000, 0x0000000100000000)
  eden space 125952K, 100% used [0x00000000f5500000,0x00000000fd000000,0x00000000fd000000)
  from space 4608K, 90% used [0x00000000fe180000,0x00000000fe598000,0x00000000fe600000)
  to   space 11776K, 0% used [0x00000000fe900000,0x00000000fe900000,0x00000000ff480000)
 ParOldGen       total 83456K, used 45490K [0x00000000e0000000, 0x00000000e5180000, 0x00000000f5500000)
  object space 83456K, 54% used [0x00000000e0000000,0x00000000e2c6c858,0x00000000e5180000)
 PSPermGen       total 66560K, used 66282K [0x00000000d5a00000, 0x00000000d9b00000, 0x00000000e0000000)
  object space 66560K, 99% used [0x00000000d5a00000,0x00000000d9abab98,0x00000000d9b00000)
Event: 51.130 GC heap after
Heap after GC invocations=16 (full 0):
 PSYoungGen      total 125440K, used 4032K [0x00000000f5500000, 0x00000000fed00000, 0x0000000100000000)
  eden space 121344K, 0% used [0x00000000f5500000,0x00000000f5500000,0x00000000fcb80000)
  from space 4096K, 98% used [0x00000000fe900000,0x00000000fecf0000,0x00000000fed00000)
  to   space 11264K, 0% used [0x00000000fd700000,0x00000000fd700000,0x00000000fe200000)
 ParOldGen       total 83456K, used 49314K [0x00000000e0000000, 0x00000000e5180000, 0x00000000f5500000)
  object space 83456K, 59% used [0x00000000e0000000,0x00000000e3028858,0x00000000e5180000)
 PSPermGen       total 66560K, used 66282K [0x00000000d5a00000, 0x00000000d9b00000, 0x00000000e0000000)
  object space 66560K, 99% used [0x00000000d5a00000,0x00000000d9abab98,0x00000000d9b00000)
}
Event: 56.689 GC heap before
{Heap before GC invocations=17 (full 0):
 PSYoungGen      total 125440K, used 125376K [0x00000000f5500000, 0x00000000fed00000, 0x0000000100000000)
  eden space 121344K, 100% used [0x00000000f5500000,0x00000000fcb80000,0x00000000fcb80000)
  from space 4096K, 98% used [0x00000000fe900000,0x00000000fecf0000,0x00000000fed00000)
  to   space 11264K, 0% used [0x00000000fd700000,0x00000000fd700000,0x00000000fe200000)
 ParOldGen       total 83456K, used 49314K [0x00000000e0000000, 0x00000000e5180000, 0x00000000f5500000)
  object space 83456K, 59% used [0x00000000e0000000,0x00000000e3028858,0x00000000e5180000)
 PSPermGen       total 72704K, used 72490K [0x00000000d5a00000, 0x00000000da100000, 0x00000000e0000000)
  object space 72704K, 99% used [0x00000000d5a00000,0x00000000da0cab00,0x00000000da100000)
Event: 56.734 GC heap after
Heap after GC invocations=17 (full 0):
 PSYoungGen      total 120832K, used 3872K [0x00000000f5500000, 0x00000000fe980000, 0x0000000100000000)
  eden space 116736K, 0% used [0x00000000f5500000,0x00000000f5500000,0x00000000fc700000)
  from space 4096K, 94% used [0x00000000fd700000,0x00000000fdac8000,0x00000000fdb00000)
  to   space 10752K, 0% used [0x00000000fdf00000,0x00000000fdf00000,0x00000000fe980000)
 ParOldGen       total 83456K, used 52978K [0x00000000e0000000, 0x00000000e5180000, 0x00000000f5500000)
  object space 83456K, 63% used [0x00000000e0000000,0x00000000e33bc858,0x00000000e5180000)
 PSPermGen       total 72704K, used 72490K [0x00000000d5a00000, 0x00000000da100000, 0x00000000e0000000)
  object space 72704K, 99% used [0x00000000d5a00000,0x00000000da0cab00,0x00000000da100000)
}
Event: 62.599 GC heap before
{Heap before GC invocations=18 (full 0):
 PSYoungGen      total 120832K, used 120608K [0x00000000f5500000, 0x00000000fe980000, 0x0000000100000000)
  eden space 116736K, 100% used [0x00000000f5500000,0x00000000fc700000,0x00000000fc700000)
  from space 4096K, 94% used [0x00000000fd700000,0x00000000fdac8000,0x00000000fdb00000)
  to   space 10752K, 0% used [0x00000000fdf00000,0x00000000fdf00000,0x00000000fe980000)
 ParOldGen       total 83456K, used 52978K [0x00000000e0000000, 0x00000000e5180000, 0x00000000f5500000)
  object space 83456K, 63% used [0x00000000e0000000,0x00000000e33bc858,0x00000000e5180000)
 PSPermGen       total 78848K, used 78498K [0x00000000d5a00000, 0x00000000da700000, 0x00000000e0000000)
  object space 78848K, 99% used [0x00000000d5a00000,0x00000000da6a8a28,0x00000000da700000)
Event: 62.626 GC heap after
Heap after GC invocations=18 (full 0):
 PSYoungGen      total 116736K, used 3712K [0x00000000f5500000, 0x00000000fe300000, 0x0000000100000000)
  eden space 112640K, 0% used [0x00000000f5500000,0x00000000f5500000,0x00000000fc300000)
  from space 4096K, 90% used [0x00000000fdf00000,0x00000000fe2a0000,0x00000000fe300000)
  to   space 10752K, 0% used [0x00000000fce00000,0x00000000fce00000,0x00000000fd880000)
 ParOldGen       total 83456K, used 56474K [0x00000000e0000000, 0x00000000e5180000, 0x00000000f5500000)
  object space 83456K, 67% used [0x00000000e0000000,0x00000000e3726858,0x00000000e5180000)
 PSPermGen       total 78848K, used 78498K [0x00000000d5a00000, 0x00000000da700000, 0x00000000e0000000)
  object space 78848K, 99% used [0x00000000d5a00000,0x00000000da6a8a28,0x00000000da700000)
}

