# JRE version: OpenJDK Runtime Environment (7.0_65-b32) (build 1.7.0_65-b32)
# Java VM: OpenJDK 64-Bit Server VM (24.65-b04 mixed mode linux-amd64 compressed oops)
Heap
 PSYoungGen      total 115712K, used 0K [0x00000000f5500000, 0x00000000fd100000, 0x0000000100000000)
  eden space 104960K, 0% used [0x00000000f5500000,0x00000000f5500000,0x00000000fbb80000)
  from space 10752K, 0% used [0x00000000fbb80000,0x00000000fbb80000,0x00000000fc600000)
  to   space 10752K, 0% used [0x00000000fc680000,0x00000000fc680000,0x00000000fd100000)
 ParOldGen       total 83456K, used 14167K [0x00000000e0000000, 0x00000000e5180000, 0x00000000f5500000)
  object space 83456K, 16% used [0x00000000e0000000,0x00000000e0dd5cc8,0x00000000e5180000)
 PSPermGen       total 99328K, used 12632K [0x00000000d5a00000, 0x00000000dbb00000, 0x00000000e0000000)
  object space 99328K, 12% used [0x00000000d5a00000,0x00000000d66561f8,0x00000000dbb00000)
GC Heap History (10 events):
Event: 63.282 GC heap after
Heap after GC invocations=18 (full 0):
 PSYoungGen      total 115200K, used 3584K [0x00000000f5500000, 0x00000000fd400000, 0x0000000100000000)
  eden space 109568K, 0% used [0x00000000f5500000,0x00000000f5500000,0x00000000fc000000)
  from space 5632K, 63% used [0x00000000fce80000,0x00000000fd200000,0x00000000fd400000)
  to   space 10240K, 0% used [0x00000000fc000000,0x00000000fc000000,0x00000000fca00000)
 ParOldGen       total 83456K, used 55621K [0x00000000e0000000, 0x00000000e5180000, 0x00000000f5500000)
  object space 83456K, 66% used [0x00000000e0000000,0x00000000e36516e8,0x00000000e5180000)
 PSPermGen       total 79872K, used 79430K [0x00000000d5a00000, 0x00000000da800000, 0x00000000e0000000)
  object space 79872K, 99% used [0x00000000d5a00000,0x00000000da791b58,0x00000000da800000)
}
Event: 84.182 GC heap before
{Heap before GC invocations=19 (full 0):
 PSYoungGen      total 115200K, used 113152K [0x00000000f5500000, 0x00000000fd400000, 0x0000000100000000)
  eden space 109568K, 100% used [0x00000000f5500000,0x00000000fc000000,0x00000000fc000000)
  from space 5632K, 63% used [0x00000000fce80000,0x00000000fd200000,0x00000000fd400000)
  to   space 10240K, 0% used [0x00000000fc000000,0x00000000fc000000,0x00000000fca00000)
 ParOldGen       total 83456K, used 55621K [0x00000000e0000000, 0x00000000e5180000, 0x00000000f5500000)
  object space 83456K, 66% used [0x00000000e0000000,0x00000000e36516e8,0x00000000e5180000)
 PSPermGen       total 86016K, used 85964K [0x00000000d5a00000, 0x00000000dae00000, 0x00000000e0000000)
  object space 86016K, 99% used [0x00000000d5a00000,0x00000000dadf3300,0x00000000dae00000)
Event: 84.193 GC heap after
Heap after GC invocations=19 (full 0):
 PSYoungGen      total 109568K, used 3930K [0x00000000f5500000, 0x00000000fd000000, 0x0000000100000000)
  eden space 105472K, 0% used [0x00000000f5500000,0x00000000f5500000,0x00000000fbc00000)
  from space 4096K, 95% used [0x00000000fc000000,0x00000000fc3d6b40,0x00000000fc400000)
  to   space 10240K, 0% used [0x00000000fc600000,0x00000000fc600000,0x00000000fd000000)
 ParOldGen       total 83456K, used 58909K [0x00000000e0000000, 0x00000000e5180000, 0x00000000f5500000)
  object space 83456K, 70% used [0x00000000e0000000,0x00000000e39876e8,0x00000000e5180000)
 PSPermGen       total 86016K, used 85964K [0x00000000d5a00000, 0x00000000dae00000, 0x00000000e0000000)
  object space 86016K, 99% used [0x00000000d5a00000,0x00000000dadf3300,0x00000000dae00000)
}
Event: 86.944 GC heap before
{Heap before GC invocations=20 (full 0):
 PSYoungGen      total 109568K, used 105187K [0x00000000f5500000, 0x00000000fd000000, 0x0000000100000000)
  eden space 105472K, 96% used [0x00000000f5500000,0x00000000fb7e20e8,0x00000000fbc00000)
  from space 4096K, 95% used [0x00000000fc000000,0x00000000fc3d6b40,0x00000000fc400000)
  to   space 10240K, 0% used [0x00000000fc600000,0x00000000fc600000,0x00000000fd000000)
 ParOldGen       total 83456K, used 58909K [0x00000000e0000000, 0x00000000e5180000, 0x00000000f5500000)
  object space 83456K, 70% used [0x00000000e0000000,0x00000000e39876e8,0x00000000e5180000)
 PSPermGen       total 86528K, used 86281K [0x00000000d5a00000, 0x00000000dae80000, 0x00000000e0000000)
  object space 86528K, 99% used [0x00000000d5a00000,0x00000000dae425a8,0x00000000dae80000)
Event: 86.962 GC heap after
Heap after GC invocations=20 (full 0):
 PSYoungGen      total 115200K, used 224K [0x00000000f5500000, 0x00000000fd100000, 0x0000000100000000)
  eden space 104960K, 0% used [0x00000000f5500000,0x00000000f5500000,0x00000000fbb80000)
  from space 10240K, 2% used [0x00000000fc600000,0x00000000fc638000,0x00000000fd000000)
  to   space 10752K, 0% used [0x00000000fbb80000,0x00000000fbb80000,0x00000000fc600000)
 ParOldGen       total 83456K, used 62186K [0x00000000e0000000, 0x00000000e5180000, 0x00000000f5500000)
  object space 83456K, 74% used [0x00000000e0000000,0x00000000e3cbaa60,0x00000000e5180000)
 PSPermGen       total 86528K, used 86281K [0x00000000d5a00000, 0x00000000dae80000, 0x00000000e0000000)
  object space 86528K, 99% used [0x00000000d5a00000,0x00000000dae425a8,0x00000000dae80000)
}
Event: 86.962 GC heap before
{Heap before GC invocations=21 (full 1):
 PSYoungGen      total 115200K, used 224K [0x00000000f5500000, 0x00000000fd100000, 0x0000000100000000)
  eden space 104960K, 0% used [0x00000000f5500000,0x00000000f5500000,0x00000000fbb80000)
  from space 10240K, 2% used [0x00000000fc600000,0x00000000fc638000,0x00000000fd000000)
  to   space 10752K, 0% used [0x00000000fbb80000,0x00000000fbb80000,0x00000000fc600000)
 ParOldGen       total 83456K, used 62186K [0x00000000e0000000, 0x00000000e5180000, 0x00000000f5500000)
  object space 83456K, 74% used [0x00000000e0000000,0x00000000e3cbaa60,0x00000000e5180000)
 PSPermGen       total 86528K, used 86281K [0x00000000d5a00000, 0x00000000dae80000, 0x00000000e0000000)
  object space 86528K, 99% used [0x00000000d5a00000,0x00000000dae425a8,0x00000000dae80000)
Event: 87.173 GC heap after
Heap after GC invocations=21 (full 1):
 PSYoungGen      total 115200K, used 0K [0x00000000f5500000, 0x00000000fd100000, 0x0000000100000000)
  eden space 104960K, 0% used [0x00000000f5500000,0x00000000f5500000,0x00000000fbb80000)
  from space 10240K, 0% used [0x00000000fc600000,0x00000000fc600000,0x00000000fd000000)
  to   space 10752K, 0% used [0x00000000fbb80000,0x00000000fbb80000,0x00000000fc600000)
 ParOldGen       total 83456K, used 14167K [0x00000000e0000000, 0x00000000e5180000, 0x00000000f5500000)
  object space 83456K, 16% used [0x00000000e0000000,0x00000000e0dd5cc8,0x00000000e5180000)
 PSPermGen       total 99328K, used 12632K [0x00000000d5a00000, 0x00000000dbb00000, 0x00000000e0000000)
  object space 99328K, 12% used [0x00000000d5a00000,0x00000000d66561f8,0x00000000dbb00000)
}
Event: 87.176 GC heap before
{Heap before GC invocations=22 (full 1):
 PSYoungGen      total 115200K, used 0K [0x00000000f5500000, 0x00000000fd100000, 0x0000000100000000)
  eden space 104960K, 0% used [0x00000000f5500000,0x00000000f5500000,0x00000000fbb80000)
  from space 10240K, 0% used [0x00000000fc600000,0x00000000fc600000,0x00000000fd000000)
  to   space 10752K, 0% used [0x00000000fbb80000,0x00000000fbb80000,0x00000000fc600000)
 ParOldGen       total 83456K, used 14167K [0x00000000e0000000, 0x00000000e5180000, 0x00000000f5500000)
  object space 83456K, 16% used [0x00000000e0000000,0x00000000e0dd5cc8,0x00000000e5180000)
 PSPermGen       total 99328K, used 12632K [0x00000000d5a00000, 0x00000000dbb00000, 0x00000000e0000000)
  object space 99328K, 12% used [0x00000000d5a00000,0x00000000d66561f8,0x00000000dbb00000)
Event: 87.189 GC heap after
Heap after GC invocations=22 (full 1):
 PSYoungGen      total 115712K, used 0K [0x00000000f5500000, 0x00000000fd100000, 0x0000000100000000)
  eden space 104960K, 0% used [0x00000000f5500000,0x00000000f5500000,0x00000000fbb80000)
  from space 10752K, 0% used [0x00000000fbb80000,0x00000000fbb80000,0x00000000fc600000)
  to   space 10752K, 0% used [0x00000000fc680000,0x00000000fc680000,0x00000000fd100000)
 ParOldGen       total 83456K, used 14167K [0x00000000e0000000, 0x00000000e5180000, 0x00000000f5500000)
  object space 83456K, 16% used [0x00000000e0000000,0x00000000e0dd5cc8,0x00000000e5180000)
 PSPermGen       total 99328K, used 12632K [0x00000000d5a00000, 0x00000000dbb00000, 0x00000000e0000000)
  object space 99328K, 12% used [0x00000000d5a00000,0x00000000d66561f8,0x00000000dbb00000)
}
Event: 87.189 GC heap before
{Heap before GC invocations=23 (full 2):
 PSYoungGen      total 115712K, used 0K [0x00000000f5500000, 0x00000000fd100000, 0x0000000100000000)
  eden space 104960K, 0% used [0x00000000f5500000,0x00000000f5500000,0x00000000fbb80000)
  from space 10752K, 0% used [0x00000000fbb80000,0x00000000fbb80000,0x00000000fc600000)
  to   space 10752K, 0% used [0x00000000fc680000,0x00000000fc680000,0x00000000fd100000)
 ParOldGen       total 83456K, used 14167K [0x00000000e0000000, 0x00000000e5180000, 0x00000000f5500000)
  object space 83456K, 16% used [0x00000000e0000000,0x00000000e0dd5cc8,0x00000000e5180000)
 PSPermGen       total 99328K, used 12632K [0x00000000d5a00000, 0x00000000dbb00000, 0x00000000e0000000)
  object space 99328K, 12% used [0x00000000d5a00000,0x00000000d66561f8,0x00000000dbb00000)

