# JRE version: OpenJDK Runtime Environment (7.0_65-b32) (build 1.7.0_65-b32)
# Java VM: OpenJDK 64-Bit Server VM (24.65-b04 mixed mode linux-amd64 compressed oops)
Heap
 PSYoungGen      total 102912K, used 4704K [0x00000000f5500000, 0x00000000fd480000, 0x0000000100000000)
  eden space 93696K, 0% used [0x00000000f5500000,0x00000000f5500000,0x00000000fb080000)
  from space 9216K, 51% used [0x00000000fcb80000,0x00000000fd018000,0x00000000fd480000)
  to   space 5632K, 0% used [0x00000000fc600000,0x00000000fc600000,0x00000000fcb80000)
 ParOldGen       total 83456K, used 19417K [0x00000000e0000000, 0x00000000e5180000, 0x00000000f5500000)
  object space 83456K, 23% used [0x00000000e0000000,0x00000000e12f6688,0x00000000e5180000)
 PSPermGen       total 25600K, used 25562K [0x00000000d5a00000, 0x00000000d7300000, 0x00000000e0000000)
  object space 25600K, 99% used [0x00000000d5a00000,0x00000000d72f6b00,0x00000000d7300000)
GC Heap History (10 events):
Event: 16.485 GC heap after
Heap after GC invocations=5 (full 0):
 PSYoungGen      total 68608K, used 5088K [0x00000000f5500000, 0x00000000fe600000, 0x0000000100000000)
  eden space 63488K, 0% used [0x00000000f5500000,0x00000000f5500000,0x00000000f9300000)
  from space 5120K, 99% used [0x00000000f9300000,0x00000000f97f8020,0x00000000f9800000)
  to   space 10752K, 0% used [0x00000000fdb80000,0x00000000fdb80000,0x00000000fe600000)
 ParOldGen       total 83456K, used 8753K [0x00000000e0000000, 0x00000000e5180000, 0x00000000f5500000)
  object space 83456K, 10% used [0x00000000e0000000,0x00000000e088c598,0x00000000e5180000)
 PSPermGen       total 21504K, used 11437K [0x00000000d5a00000, 0x00000000d6f00000, 0x00000000e0000000)
  object space 21504K, 53% used [0x00000000d5a00000,0x00000000d652b650,0x00000000d6f00000)
}
Event: 22.805 GC heap before
{Heap before GC invocations=6 (full 0):
 PSYoungGen      total 68608K, used 68576K [0x00000000f5500000, 0x00000000fe600000, 0x0000000100000000)
  eden space 63488K, 100% used [0x00000000f5500000,0x00000000f9300000,0x00000000f9300000)
  from space 5120K, 99% used [0x00000000f9300000,0x00000000f97f8020,0x00000000f9800000)
  to   space 10752K, 0% used [0x00000000fdb80000,0x00000000fdb80000,0x00000000fe600000)
 ParOldGen       total 83456K, used 8753K [0x00000000e0000000, 0x00000000e5180000, 0x00000000f5500000)
  object space 83456K, 10% used [0x00000000e0000000,0x00000000e088c598,0x00000000e5180000)
 PSPermGen       total 21504K, used 14097K [0x00000000d5a00000, 0x00000000d6f00000, 0x00000000e0000000)
  object space 21504K, 65% used [0x00000000d5a00000,0x00000000d67c47d0,0x00000000d6f00000)
Event: 22.826 GC heap after
Heap after GC invocations=6 (full 0):
 PSYoungGen      total 69120K, used 7248K [0x00000000f5500000, 0x00000000fe300000, 0x0000000100000000)
  eden space 61440K, 0% used [0x00000000f5500000,0x00000000f5500000,0x00000000f9100000)
  from space 7680K, 94% used [0x00000000fdb80000,0x00000000fe294010,0x00000000fe300000)
  to   space 10240K, 0% used [0x00000000fcf00000,0x00000000fcf00000,0x00000000fd900000)
 ParOldGen       total 83456K, used 8761K [0x00000000e0000000, 0x00000000e5180000, 0x00000000f5500000)
  object space 83456K, 10% used [0x00000000e0000000,0x00000000e088e598,0x00000000e5180000)
 PSPermGen       total 21504K, used 14097K [0x00000000d5a00000, 0x00000000d6f00000, 0x00000000e0000000)
  object space 21504K, 65% used [0x00000000d5a00000,0x00000000d67c47d0,0x00000000d6f00000)
}
Event: 26.306 GC heap before
{Heap before GC invocations=7 (full 0):
 PSYoungGen      total 69120K, used 68688K [0x00000000f5500000, 0x00000000fe300000, 0x0000000100000000)
  eden space 61440K, 100% used [0x00000000f5500000,0x00000000f9100000,0x00000000f9100000)
  from space 7680K, 94% used [0x00000000fdb80000,0x00000000fe294010,0x00000000fe300000)
  to   space 10240K, 0% used [0x00000000fcf00000,0x00000000fcf00000,0x00000000fd900000)
 ParOldGen       total 83456K, used 8761K [0x00000000e0000000, 0x00000000e5180000, 0x00000000f5500000)
  object space 83456K, 10% used [0x00000000e0000000,0x00000000e088e598,0x00000000e5180000)
 PSPermGen       total 21504K, used 16671K [0x00000000d5a00000, 0x00000000d6f00000, 0x00000000e0000000)
  object space 21504K, 77% used [0x00000000d5a00000,0x00000000d6a47c38,0x00000000d6f00000)
Event: 26.346 GC heap after
Heap after GC invocations=7 (full 0):
 PSYoungGen      total 65024K, used 4832K [0x00000000f5500000, 0x00000000fdc00000, 0x0000000100000000)
  eden space 59904K, 0% used [0x00000000f5500000,0x00000000f5500000,0x00000000f8f80000)
  from space 5120K, 94% used [0x00000000fcf00000,0x00000000fd3b8000,0x00000000fd400000)
  to   space 8192K, 0% used [0x00000000fd400000,0x00000000fd400000,0x00000000fdc00000)
 ParOldGen       total 83456K, used 13001K [0x00000000e0000000, 0x00000000e5180000, 0x00000000f5500000)
  object space 83456K, 15% used [0x00000000e0000000,0x00000000e0cb2688,0x00000000e5180000)
 PSPermGen       total 21504K, used 16671K [0x00000000d5a00000, 0x00000000d6f00000, 0x00000000e0000000)
  object space 21504K, 77% used [0x00000000d5a00000,0x00000000d6a47c38,0x00000000d6f00000)
}
Event: 28.810 GC heap before
{Heap before GC invocations=8 (full 0):
 PSYoungGen      total 65024K, used 64736K [0x00000000f5500000, 0x00000000fdc00000, 0x0000000100000000)
  eden space 59904K, 100% used [0x00000000f5500000,0x00000000f8f80000,0x00000000f8f80000)
  from space 5120K, 94% used [0x00000000fcf00000,0x00000000fd3b8000,0x00000000fd400000)
  to   space 8192K, 0% used [0x00000000fd400000,0x00000000fd400000,0x00000000fdc00000)
 ParOldGen       total 83456K, used 13001K [0x00000000e0000000, 0x00000000e5180000, 0x00000000f5500000)
  object space 83456K, 15% used [0x00000000e0000000,0x00000000e0cb2688,0x00000000e5180000)
 PSPermGen       total 21504K, used 19192K [0x00000000d5a00000, 0x00000000d6f00000, 0x00000000e0000000)
  object space 21504K, 89% used [0x00000000d5a00000,0x00000000d6cbe290,0x00000000d6f00000)
Event: 28.827 GC heap after
Heap after GC invocations=8 (full 0):
 PSYoungGen      total 64512K, used 5952K [0x00000000f5500000, 0x00000000fda00000, 0x0000000100000000)
  eden space 58368K, 0% used [0x00000000f5500000,0x00000000f5500000,0x00000000f8e00000)
  from space 6144K, 96% used [0x00000000fd400000,0x00000000fd9d0000,0x00000000fda00000)
  to   space 10240K, 0% used [0x00000000fc600000,0x00000000fc600000,0x00000000fd000000)
 ParOldGen       total 83456K, used 13657K [0x00000000e0000000, 0x00000000e5180000, 0x00000000f5500000)
  object space 83456K, 16% used [0x00000000e0000000,0x00000000e0d56688,0x00000000e5180000)
 PSPermGen       total 21504K, used 19192K [0x00000000d5a00000, 0x00000000d6f00000, 0x00000000e0000000)
  object space 21504K, 89% used [0x00000000d5a00000,0x00000000d6cbe290,0x00000000d6f00000)
}
Event: 31.561 GC heap before
{Heap before GC invocations=9 (full 0):
 PSYoungGen      total 64512K, used 64320K [0x00000000f5500000, 0x00000000fda00000, 0x0000000100000000)
  eden space 58368K, 100% used [0x00000000f5500000,0x00000000f8e00000,0x00000000f8e00000)
  from space 6144K, 96% used [0x00000000fd400000,0x00000000fd9d0000,0x00000000fda00000)
  to   space 10240K, 0% used [0x00000000fc600000,0x00000000fc600000,0x00000000fd000000)
 ParOldGen       total 83456K, used 13657K [0x00000000e0000000, 0x00000000e5180000, 0x00000000f5500000)
  object space 83456K, 16% used [0x00000000e0000000,0x00000000e0d56688,0x00000000e5180000)
 PSPermGen       total 22016K, used 21640K [0x00000000d5a00000, 0x00000000d6f80000, 0x00000000e0000000)
  object space 22016K, 98% used [0x00000000d5a00000,0x00000000d6f222b0,0x00000000d6f80000)
Event: 31.602 GC heap after
Heap after GC invocations=9 (full 0):
 PSYoungGen      total 99328K, used 5568K [0x00000000f5500000, 0x00000000fd480000, 0x0000000100000000)
  eden space 93696K, 0% used [0x00000000f5500000,0x00000000f5500000,0x00000000fb080000)
  from space 5632K, 98% used [0x00000000fc600000,0x00000000fcb70000,0x00000000fcb80000)
  to   space 9216K, 0% used [0x00000000fcb80000,0x00000000fcb80000,0x00000000fd480000)
 ParOldGen       total 83456K, used 15777K [0x00000000e0000000, 0x00000000e5180000, 0x00000000f5500000)
  object space 83456K, 18% used [0x00000000e0000000,0x00000000e0f68688,0x00000000e5180000)
 PSPermGen       total 22016K, used 21640K [0x00000000d5a00000, 0x00000000d6f80000, 0x00000000e0000000)
  object space 22016K, 98% used [0x00000000d5a00000,0x00000000d6f222b0,0x00000000d6f80000)
}
Event: 39.044 GC heap before
{Heap before GC invocations=10 (full 0):
 PSYoungGen      total 99328K, used 99264K [0x00000000f5500000, 0x00000000fd480000, 0x0000000100000000)
  eden space 93696K, 100% used [0x00000000f5500000,0x00000000fb080000,0x00000000fb080000)
  from space 5632K, 98% used [0x00000000fc600000,0x00000000fcb70000,0x00000000fcb80000)
  to   space 9216K, 0% used [0x00000000fcb80000,0x00000000fcb80000,0x00000000fd480000)
 ParOldGen       total 83456K, used 15777K [0x00000000e0000000, 0x00000000e5180000, 0x00000000f5500000)
  object space 83456K, 18% used [0x00000000e0000000,0x00000000e0f68688,0x00000000e5180000)
 PSPermGen       total 25600K, used 25562K [0x00000000d5a00000, 0x00000000d7300000, 0x00000000e0000000)
  object space 25600K, 99% used [0x00000000d5a00000,0x00000000d72f6b00,0x00000000d7300000)

