# JRE version: OpenJDK Runtime Environment (7.0_65-b32) (build 1.7.0_65-b32)
# Java VM: OpenJDK 64-Bit Server VM (24.65-b04 mixed mode linux-amd64 compressed oops)
Heap
 PSYoungGen      total 143872K, used 4256K [0x00000000f5500000, 0x00000000fef80000, 0x0000000100000000)
  eden space 133632K, 0% used [0x00000000f5500000,0x00000000f5500000,0x00000000fd780000)
  from space 10240K, 41% used [0x00000000fdb80000,0x00000000fdfa8000,0x00000000fe580000)
  to   space 4608K, 0% used [0x00000000feb00000,0x00000000feb00000,0x00000000fef80000)
 ParOldGen       total 83456K, used 53425K [0x00000000e0000000, 0x00000000e5180000, 0x00000000f5500000)
  object space 83456K, 64% used [0x00000000e0000000,0x00000000e342c450,0x00000000e5180000)
 PSPermGen       total 79360K, used 78991K [0x00000000d5a00000, 0x00000000da780000, 0x00000000e0000000)
  object space 79360K, 99% used [0x00000000d5a00000,0x00000000da723c18,0x00000000da780000)
GC Heap History (10 events):
Event: 35.120 GC heap after
Heap after GC invocations=12 (full 0):
 PSYoungGen      total 161792K, used 4928K [0x00000000f5500000, 0x00000000ffe80000, 0x0000000100000000)
  eden space 151040K, 0% used [0x00000000f5500000,0x00000000f5500000,0x00000000fe880000)
  from space 10752K, 45% used [0x00000000ff400000,0x00000000ff8d0000,0x00000000ffe80000)
  to   space 11264K, 0% used [0x00000000fe880000,0x00000000fe880000,0x00000000ff380000)
 ParOldGen       total 83456K, used 32009K [0x00000000e0000000, 0x00000000e5180000, 0x00000000f5500000)
  object space 83456K, 38% used [0x00000000e0000000,0x00000000e1f42450,0x00000000e5180000)
 PSPermGen       total 42496K, used 42063K [0x00000000d5a00000, 0x00000000d8380000, 0x00000000e0000000)
  object space 42496K, 98% used [0x00000000d5a00000,0x00000000d8313ec8,0x00000000d8380000)
}
Event: 39.744 GC heap before
{Heap before GC invocations=13 (full 0):
 PSYoungGen      total 161792K, used 155968K [0x00000000f5500000, 0x00000000ffe80000, 0x0000000100000000)
  eden space 151040K, 100% used [0x00000000f5500000,0x00000000fe880000,0x00000000fe880000)
  from space 10752K, 45% used [0x00000000ff400000,0x00000000ff8d0000,0x00000000ffe80000)
  to   space 11264K, 0% used [0x00000000fe880000,0x00000000fe880000,0x00000000ff380000)
 ParOldGen       total 83456K, used 32009K [0x00000000e0000000, 0x00000000e5180000, 0x00000000f5500000)
  object space 83456K, 38% used [0x00000000e0000000,0x00000000e1f42450,0x00000000e5180000)
 PSPermGen       total 50176K, used 49838K [0x00000000d5a00000, 0x00000000d8b00000, 0x00000000e0000000)
  object space 50176K, 99% used [0x00000000d5a00000,0x00000000d8aaba48,0x00000000d8b00000)
Event: 39.780 GC heap after
Heap after GC invocations=13 (full 0):
 PSYoungGen      total 162304K, used 4896K [0x00000000f5500000, 0x0000000100000000, 0x0000000100000000)
  eden space 151040K, 0% used [0x00000000f5500000,0x00000000f5500000,0x00000000fe880000)
  from space 11264K, 43% used [0x00000000fe880000,0x00000000fed48000,0x00000000ff380000)
  to   space 11264K, 0% used [0x00000000ff500000,0x00000000ff500000,0x0000000100000000)
 ParOldGen       total 83456K, used 36473K [0x00000000e0000000, 0x00000000e5180000, 0x00000000f5500000)
  object space 83456K, 43% used [0x00000000e0000000,0x00000000e239e450,0x00000000e5180000)
 PSPermGen       total 50176K, used 49838K [0x00000000d5a00000, 0x00000000d8b00000, 0x00000000e0000000)
  object space 50176K, 99% used [0x00000000d5a00000,0x00000000d8aaba48,0x00000000d8b00000)
}
Event: 44.822 GC heap before
{Heap before GC invocations=14 (full 0):
 PSYoungGen      total 162304K, used 155936K [0x00000000f5500000, 0x0000000100000000, 0x0000000100000000)
  eden space 151040K, 100% used [0x00000000f5500000,0x00000000fe880000,0x00000000fe880000)
  from space 11264K, 43% used [0x00000000fe880000,0x00000000fed48000,0x00000000ff380000)
  to   space 11264K, 0% used [0x00000000ff500000,0x00000000ff500000,0x0000000100000000)
 ParOldGen       total 83456K, used 36473K [0x00000000e0000000, 0x00000000e5180000, 0x00000000f5500000)
  object space 83456K, 43% used [0x00000000e0000000,0x00000000e239e450,0x00000000e5180000)
 PSPermGen       total 57856K, used 57603K [0x00000000d5a00000, 0x00000000d9280000, 0x00000000e0000000)
  object space 57856K, 99% used [0x00000000d5a00000,0x00000000d9240f78,0x00000000d9280000)
Event: 44.857 GC heap after
Heap after GC invocations=14 (full 0):
 PSYoungGen      total 150016K, used 4832K [0x00000000f5500000, 0x00000000ffa00000, 0x0000000100000000)
  eden space 144896K, 0% used [0x00000000f5500000,0x00000000f5500000,0x00000000fe280000)
  from space 5120K, 94% used [0x00000000ff500000,0x00000000ff9b8000,0x00000000ffa00000)
  to   space 10752K, 0% used [0x00000000fe500000,0x00000000fe500000,0x00000000fef80000)
 ParOldGen       total 83456K, used 40897K [0x00000000e0000000, 0x00000000e5180000, 0x00000000f5500000)
  object space 83456K, 49% used [0x00000000e0000000,0x00000000e27f0450,0x00000000e5180000)
 PSPermGen       total 57856K, used 57603K [0x00000000d5a00000, 0x00000000d9280000, 0x00000000e0000000)
  object space 57856K, 99% used [0x00000000d5a00000,0x00000000d9240f78,0x00000000d9280000)
}
Event: 49.759 GC heap before
{Heap before GC invocations=15 (full 0):
 PSYoungGen      total 150016K, used 149728K [0x00000000f5500000, 0x00000000ffa00000, 0x0000000100000000)
  eden space 144896K, 100% used [0x00000000f5500000,0x00000000fe280000,0x00000000fe280000)
  from space 5120K, 94% used [0x00000000ff500000,0x00000000ff9b8000,0x00000000ffa00000)
  to   space 10752K, 0% used [0x00000000fe500000,0x00000000fe500000,0x00000000fef80000)
 ParOldGen       total 83456K, used 40897K [0x00000000e0000000, 0x00000000e5180000, 0x00000000f5500000)
  object space 83456K, 49% used [0x00000000e0000000,0x00000000e27f0450,0x00000000e5180000)
 PSPermGen       total 65536K, used 65034K [0x00000000d5a00000, 0x00000000d9a00000, 0x00000000e0000000)
  object space 65536K, 99% used [0x00000000d5a00000,0x00000000d9982b90,0x00000000d9a00000)
Event: 49.791 GC heap after
Heap after GC invocations=15 (full 0):
 PSYoungGen      total 143872K, used 4608K [0x00000000f5500000, 0x00000000ff580000, 0x0000000100000000)
  eden space 139264K, 0% used [0x00000000f5500000,0x00000000f5500000,0x00000000fdd00000)
  from space 4608K, 100% used [0x00000000fe500000,0x00000000fe980000,0x00000000fe980000)
  to   space 10752K, 0% used [0x00000000feb00000,0x00000000feb00000,0x00000000ff580000)
 ParOldGen       total 83456K, used 45281K [0x00000000e0000000, 0x00000000e5180000, 0x00000000f5500000)
  object space 83456K, 54% used [0x00000000e0000000,0x00000000e2c38450,0x00000000e5180000)
 PSPermGen       total 65536K, used 65034K [0x00000000d5a00000, 0x00000000d9a00000, 0x00000000e0000000)
  object space 65536K, 99% used [0x00000000d5a00000,0x00000000d9982b90,0x00000000d9a00000)
}
Event: 56.623 GC heap before
{Heap before GC invocations=16 (full 0):
 PSYoungGen      total 143872K, used 143872K [0x00000000f5500000, 0x00000000ff580000, 0x0000000100000000)
  eden space 139264K, 100% used [0x00000000f5500000,0x00000000fdd00000,0x00000000fdd00000)
  from space 4608K, 100% used [0x00000000fe500000,0x00000000fe980000,0x00000000fe980000)
  to   space 10752K, 0% used [0x00000000feb00000,0x00000000feb00000,0x00000000ff580000)
 ParOldGen       total 83456K, used 45281K [0x00000000e0000000, 0x00000000e5180000, 0x00000000f5500000)
  object space 83456K, 54% used [0x00000000e0000000,0x00000000e2c38450,0x00000000e5180000)
 PSPermGen       total 72192K, used 72119K [0x00000000d5a00000, 0x00000000da080000, 0x00000000e0000000)
  object space 72192K, 99% used [0x00000000d5a00000,0x00000000da06dc68,0x00000000da080000)
Event: 56.680 GC heap after
Heap after GC invocations=16 (full 0):
 PSYoungGen      total 138240K, used 4384K [0x00000000f5500000, 0x00000000fef80000, 0x0000000100000000)
  eden space 133632K, 0% used [0x00000000f5500000,0x00000000f5500000,0x00000000fd780000)
  from space 4608K, 95% used [0x00000000feb00000,0x00000000fef48000,0x00000000fef80000)
  to   space 10240K, 0% used [0x00000000fdb80000,0x00000000fdb80000,0x00000000fe580000)
 ParOldGen       total 83456K, used 49457K [0x00000000e0000000, 0x00000000e5180000, 0x00000000f5500000)
  object space 83456K, 59% used [0x00000000e0000000,0x00000000e304c450,0x00000000e5180000)
 PSPermGen       total 72192K, used 72119K [0x00000000d5a00000, 0x00000000da080000, 0x00000000e0000000)
  object space 72192K, 99% used [0x00000000d5a00000,0x00000000da06dc68,0x00000000da080000)
}
Event: 63.851 GC heap before
{Heap before GC invocations=17 (full 0):
 PSYoungGen      total 138240K, used 138016K [0x00000000f5500000, 0x00000000fef80000, 0x0000000100000000)
  eden space 133632K, 100% used [0x00000000f5500000,0x00000000fd780000,0x00000000fd780000)
  from space 4608K, 95% used [0x00000000feb00000,0x00000000fef48000,0x00000000fef80000)
  to   space 10240K, 0% used [0x00000000fdb80000,0x00000000fdb80000,0x00000000fe580000)
 ParOldGen       total 83456K, used 49457K [0x00000000e0000000, 0x00000000e5180000, 0x00000000f5500000)
  object space 83456K, 59% used [0x00000000e0000000,0x00000000e304c450,0x00000000e5180000)
 PSPermGen       total 79360K, used 78991K [0x00000000d5a00000, 0x00000000da780000, 0x00000000e0000000)
  object space 79360K, 99% used [0x00000000d5a00000,0x00000000da723c18,0x00000000da780000)

