# JRE version: OpenJDK Runtime Environment (7.0_65-b32) (build 1.7.0_65-b32)
# Java VM: OpenJDK 64-Bit Server VM (24.65-b04 mixed mode linux-amd64 compressed oops)
Heap
 PSYoungGen      total 129024K, used 10112K [0x00000000f5500000, 0x00000000fe080000, 0x0000000100000000)
  eden space 117760K, 0% used [0x00000000f5500000,0x00000000f5500000,0x00000000fc800000)
  from space 11264K, 89% used [0x00000000fca80000,0x00000000fd460000,0x00000000fd580000)
  to   space 8704K, 0% used [0x00000000fd800000,0x00000000fd800000,0x00000000fe080000)
 ParOldGen       total 83456K, used 16956K [0x00000000e0000000, 0x00000000e5180000, 0x00000000f5500000)
  object space 83456K, 20% used [0x00000000e0000000,0x00000000e108f338,0x00000000e5180000)
 PSPermGen       total 29696K, used 29424K [0x00000000d5a00000, 0x00000000d7700000, 0x00000000e0000000)
  object space 29696K, 99% used [0x00000000d5a00000,0x00000000d76bc2a0,0x00000000d7700000)
GC Heap History (10 events):
Event: 13.325 GC heap after
Heap after GC invocations=4 (full 0):
 PSYoungGen      total 68608K, used 5096K [0x00000000f5500000, 0x00000000f9d00000, 0x0000000100000000)
  eden space 63488K, 0% used [0x00000000f5500000,0x00000000f5500000,0x00000000f9300000)
  from space 5120K, 99% used [0x00000000f9800000,0x00000000f9cfa390,0x00000000f9d00000)
  to   space 5120K, 0% used [0x00000000f9300000,0x00000000f9300000,0x00000000f9800000)
 ParOldGen       total 83456K, used 8001K [0x00000000e0000000, 0x00000000e5180000, 0x00000000f5500000)
  object space 83456K, 9% used [0x00000000e0000000,0x00000000e07d0540,0x00000000e5180000)
 PSPermGen       total 21504K, used 10597K [0x00000000d5a00000, 0x00000000d6f00000, 0x00000000e0000000)
  object space 21504K, 49% used [0x00000000d5a00000,0x00000000d64596e0,0x00000000d6f00000)
}
Event: 17.082 GC heap before
{Heap before GC invocations=5 (full 0):
 PSYoungGen      total 68608K, used 68584K [0x00000000f5500000, 0x00000000f9d00000, 0x0000000100000000)
  eden space 63488K, 100% used [0x00000000f5500000,0x00000000f9300000,0x00000000f9300000)
  from space 5120K, 99% used [0x00000000f9800000,0x00000000f9cfa390,0x00000000f9d00000)
  to   space 5120K, 0% used [0x00000000f9300000,0x00000000f9300000,0x00000000f9800000)
 ParOldGen       total 83456K, used 8001K [0x00000000e0000000, 0x00000000e5180000, 0x00000000f5500000)
  object space 83456K, 9% used [0x00000000e0000000,0x00000000e07d0540,0x00000000e5180000)
 PSPermGen       total 21504K, used 11428K [0x00000000d5a00000, 0x00000000d6f00000, 0x00000000e0000000)
  object space 21504K, 53% used [0x00000000d5a00000,0x00000000d65292f8,0x00000000d6f00000)
Event: 17.098 GC heap after
Heap after GC invocations=5 (full 0):
 PSYoungGen      total 68608K, used 5112K [0x00000000f5500000, 0x00000000fe600000, 0x0000000100000000)
  eden space 63488K, 0% used [0x00000000f5500000,0x00000000f5500000,0x00000000f9300000)
  from space 5120K, 99% used [0x00000000f9300000,0x00000000f97fe040,0x00000000f9800000)
  to   space 10752K, 0% used [0x00000000fdb80000,0x00000000fdb80000,0x00000000fe600000)
 ParOldGen       total 83456K, used 8752K [0x00000000e0000000, 0x00000000e5180000, 0x00000000f5500000)
  object space 83456K, 10% used [0x00000000e0000000,0x00000000e088c258,0x00000000e5180000)
 PSPermGen       total 21504K, used 11428K [0x00000000d5a00000, 0x00000000d6f00000, 0x00000000e0000000)
  object space 21504K, 53% used [0x00000000d5a00000,0x00000000d65292f8,0x00000000d6f00000)
}
Event: 22.988 GC heap before
{Heap before GC invocations=6 (full 0):
 PSYoungGen      total 68608K, used 68600K [0x00000000f5500000, 0x00000000fe600000, 0x0000000100000000)
  eden space 63488K, 100% used [0x00000000f5500000,0x00000000f9300000,0x00000000f9300000)
  from space 5120K, 99% used [0x00000000f9300000,0x00000000f97fe040,0x00000000f9800000)
  to   space 10752K, 0% used [0x00000000fdb80000,0x00000000fdb80000,0x00000000fe600000)
 ParOldGen       total 83456K, used 8752K [0x00000000e0000000, 0x00000000e5180000, 0x00000000f5500000)
  object space 83456K, 10% used [0x00000000e0000000,0x00000000e088c258,0x00000000e5180000)
 PSPermGen       total 21504K, used 14089K [0x00000000d5a00000, 0x00000000d6f00000, 0x00000000e0000000)
  object space 21504K, 65% used [0x00000000d5a00000,0x00000000d67c2600,0x00000000d6f00000)
Event: 23.008 GC heap after
Heap after GC invocations=6 (full 0):
 PSYoungGen      total 136704K, used 7256K [0x00000000f5500000, 0x00000000fe500000, 0x0000000100000000)
  eden space 126976K, 0% used [0x00000000f5500000,0x00000000f5500000,0x00000000fd100000)
  from space 9728K, 74% used [0x00000000fdb80000,0x00000000fe296040,0x00000000fe500000)
  to   space 10240K, 0% used [0x00000000fd100000,0x00000000fd100000,0x00000000fdb00000)
 ParOldGen       total 83456K, used 8760K [0x00000000e0000000, 0x00000000e5180000, 0x00000000f5500000)
  object space 83456K, 10% used [0x00000000e0000000,0x00000000e088e258,0x00000000e5180000)
 PSPermGen       total 21504K, used 14089K [0x00000000d5a00000, 0x00000000d6f00000, 0x00000000e0000000)
  object space 21504K, 65% used [0x00000000d5a00000,0x00000000d67c2600,0x00000000d6f00000)
}
Event: 29.594 GC heap before
{Heap before GC invocations=7 (full 0):
 PSYoungGen      total 136704K, used 134232K [0x00000000f5500000, 0x00000000fe500000, 0x0000000100000000)
  eden space 126976K, 100% used [0x00000000f5500000,0x00000000fd100000,0x00000000fd100000)
  from space 9728K, 74% used [0x00000000fdb80000,0x00000000fe296040,0x00000000fe500000)
  to   space 10240K, 0% used [0x00000000fd100000,0x00000000fd100000,0x00000000fdb00000)
 ParOldGen       total 83456K, used 8760K [0x00000000e0000000, 0x00000000e5180000, 0x00000000f5500000)
  object space 83456K, 10% used [0x00000000e0000000,0x00000000e088e258,0x00000000e5180000)
 PSPermGen       total 21504K, used 19424K [0x00000000d5a00000, 0x00000000d6f00000, 0x00000000e0000000)
  object space 21504K, 90% used [0x00000000d5a00000,0x00000000d6cf83f8,0x00000000d6f00000)
Event: 29.636 GC heap after
Heap after GC invocations=7 (full 0):
 PSYoungGen      total 129536K, used 7008K [0x00000000f5500000, 0x00000000fe080000, 0x0000000100000000)
  eden space 122368K, 0% used [0x00000000f5500000,0x00000000f5500000,0x00000000fcc80000)
  from space 7168K, 97% used [0x00000000fd100000,0x00000000fd7d8000,0x00000000fd800000)
  to   space 8704K, 0% used [0x00000000fd800000,0x00000000fd800000,0x00000000fe080000)
 ParOldGen       total 83456K, used 12940K [0x00000000e0000000, 0x00000000e5180000, 0x00000000f5500000)
  object space 83456K, 15% used [0x00000000e0000000,0x00000000e0ca3338,0x00000000e5180000)
 PSPermGen       total 21504K, used 19424K [0x00000000d5a00000, 0x00000000d6f00000, 0x00000000e0000000)
  object space 21504K, 90% used [0x00000000d5a00000,0x00000000d6cf83f8,0x00000000d6f00000)
}
Event: 35.456 GC heap before
{Heap before GC invocations=8 (full 0):
 PSYoungGen      total 129536K, used 129376K [0x00000000f5500000, 0x00000000fe080000, 0x0000000100000000)
  eden space 122368K, 100% used [0x00000000f5500000,0x00000000fcc80000,0x00000000fcc80000)
  from space 7168K, 97% used [0x00000000fd100000,0x00000000fd7d8000,0x00000000fd800000)
  to   space 8704K, 0% used [0x00000000fd800000,0x00000000fd800000,0x00000000fe080000)
 ParOldGen       total 83456K, used 12940K [0x00000000e0000000, 0x00000000e5180000, 0x00000000f5500000)
  object space 83456K, 15% used [0x00000000e0000000,0x00000000e0ca3338,0x00000000e5180000)
 PSPermGen       total 24576K, used 24552K [0x00000000d5a00000, 0x00000000d7200000, 0x00000000e0000000)
  object space 24576K, 99% used [0x00000000d5a00000,0x00000000d71fa148,0x00000000d7200000)
Event: 35.491 GC heap after
Heap after GC invocations=8 (full 0):
 PSYoungGen      total 126464K, used 8704K [0x00000000f5500000, 0x00000000fe080000, 0x0000000100000000)
  eden space 117760K, 0% used [0x00000000f5500000,0x00000000f5500000,0x00000000fc800000)
  from space 8704K, 100% used [0x00000000fd800000,0x00000000fe080000,0x00000000fe080000)
  to   space 11264K, 0% used [0x00000000fca80000,0x00000000fca80000,0x00000000fd580000)
 ParOldGen       total 83456K, used 14764K [0x00000000e0000000, 0x00000000e5180000, 0x00000000f5500000)
  object space 83456K, 17% used [0x00000000e0000000,0x00000000e0e6b338,0x00000000e5180000)
 PSPermGen       total 24576K, used 24552K [0x00000000d5a00000, 0x00000000d7200000, 0x00000000e0000000)
  object space 24576K, 99% used [0x00000000d5a00000,0x00000000d71fa148,0x00000000d7200000)
}
Event: 394.258 GC heap before
{Heap before GC invocations=9 (full 0):
 PSYoungGen      total 126464K, used 126464K [0x00000000f5500000, 0x00000000fe080000, 0x0000000100000000)
  eden space 117760K, 100% used [0x00000000f5500000,0x00000000fc800000,0x00000000fc800000)
  from space 8704K, 100% used [0x00000000fd800000,0x00000000fe080000,0x00000000fe080000)
  to   space 11264K, 0% used [0x00000000fca80000,0x00000000fca80000,0x00000000fd580000)
 ParOldGen       total 83456K, used 14764K [0x00000000e0000000, 0x00000000e5180000, 0x00000000f5500000)
  object space 83456K, 17% used [0x00000000e0000000,0x00000000e0e6b338,0x00000000e5180000)
 PSPermGen       total 29696K, used 29424K [0x00000000d5a00000, 0x00000000d7700000, 0x00000000e0000000)
  object space 29696K, 99% used [0x00000000d5a00000,0x00000000d76bc2a0,0x00000000d7700000)

